2018-06-06 08:25:31.968974 0x00007f973ac35740: <info> (server::ServerMain.cpp@61) booting local node with public key 738D614C0074D9CB8680BB6B458D2E334080EC33572D2D300866BFAF5764FADA
2018-06-06 08:25:31.970190 0x00007f973ac35740: <info> (thread::IoServiceThreadPool.cpp@105) server IoServiceThreadPool spawned 4 workers
2018-06-06 08:25:31.971216 0x00007f973ac35740: <info> (plugins::PluginModule.cpp@79) loading plugin from libextension.unbondedpruning.so
2018-06-06 08:25:31.972401 0x00007f973ac35740: <debug> (plugins::PluginModule.cpp@92) plugin libextension.unbondedpruning.so loaded as 0x558b459feb20
2018-06-06 08:25:31.972453 0x00007f973ac35740: <info> (extensions::LocalNodeBootstrapper.cpp@102) registering dynamic extension extension.unbondedpruning
2018-06-06 08:25:31.972487 0x00007f973ac35740: <info> (plugins::PluginModule.cpp@79) loading plugin from libextension.sync.so
2018-06-06 08:25:31.974305 0x00007f973ac35740: <debug> (plugins::PluginModule.cpp@92) plugin libextension.sync.so loaded as 0x558b459fefe0
2018-06-06 08:25:31.974351 0x00007f973ac35740: <info> (extensions::LocalNodeBootstrapper.cpp@102) registering dynamic extension extension.sync
2018-06-06 08:25:31.974827 0x00007f973ac35740: <info> (plugins::PluginModule.cpp@79) loading plugin from libextension.packetserver.so
2018-06-06 08:25:31.976404 0x00007f973ac35740: <debug> (plugins::PluginModule.cpp@92) plugin libextension.packetserver.so loaded as 0x558b45a00400
2018-06-06 08:25:31.976436 0x00007f973ac35740: <info> (extensions::LocalNodeBootstrapper.cpp@102) registering dynamic extension extension.packetserver
2018-06-06 08:25:31.976456 0x00007f973ac35740: <info> (plugins::PluginModule.cpp@79) loading plugin from libextension.nodediscovery.so
2018-06-06 08:25:31.977708 0x00007f973ac35740: <debug> (plugins::PluginModule.cpp@92) plugin libextension.nodediscovery.so loaded as 0x558b45a00f90
2018-06-06 08:25:31.977745 0x00007f973ac35740: <info> (extensions::LocalNodeBootstrapper.cpp@102) registering dynamic extension extension.nodediscovery
2018-06-06 08:25:31.977957 0x00007f973ac35740: <info> (plugins::PluginModule.cpp@79) loading plugin from libextension.diagnostics.so
2018-06-06 08:25:31.978990 0x00007f973ac35740: <debug> (plugins::PluginModule.cpp@92) plugin libextension.diagnostics.so loaded as 0x558b45a01450
2018-06-06 08:25:31.979097 0x00007f973ac35740: <info> (extensions::LocalNodeBootstrapper.cpp@102) registering dynamic extension extension.diagnostics
2018-06-06 08:25:31.979170 0x00007f973ac35740: <info> (plugins::PluginModule.cpp@79) loading plugin from libextension.syncsource.so
2018-06-06 08:25:31.980542 0x00007f973ac35740: <debug> (plugins::PluginModule.cpp@92) plugin libextension.syncsource.so loaded as 0x558b45a01d30
2018-06-06 08:25:31.980592 0x00007f973ac35740: <info> (extensions::LocalNodeBootstrapper.cpp@102) registering dynamic extension extension.syncsource
2018-06-06 08:25:31.980620 0x00007f973ac35740: <info> (plugins::PluginModule.cpp@79) loading plugin from libextension.eventsource.so
2018-06-06 08:25:31.982575 0x00007f973ac35740: <debug> (plugins::PluginModule.cpp@92) plugin libextension.eventsource.so loaded as 0x558b45a02610
2018-06-06 08:25:31.982628 0x00007f973ac35740: <info> (extensions::LocalNodeBootstrapper.cpp@102) registering dynamic extension extension.eventsource
2018-06-06 08:25:31.982653 0x00007f973ac35740: <info> (plugins::PluginModule.cpp@79) loading plugin from libextension.timesync.so
2018-06-06 08:25:31.983939 0x00007f973ac35740: <debug> (plugins::PluginModule.cpp@92) plugin libextension.timesync.so loaded as 0x558b45a04120
2018-06-06 08:25:31.983976 0x00007f973ac35740: <info> (extensions::LocalNodeBootstrapper.cpp@102) registering dynamic extension extension.timesync
2018-06-06 08:25:31.984213 0x00007f973ac35740: <info> (plugins::PluginModule.cpp@79) loading plugin from libextension.networkheight.so
2018-06-06 08:25:31.985057 0x00007f973ac35740: <debug> (plugins::PluginModule.cpp@92) plugin libextension.networkheight.so loaded as 0x558b45a04a00
2018-06-06 08:25:31.985091 0x00007f973ac35740: <info> (extensions::LocalNodeBootstrapper.cpp@102) registering dynamic extension extension.networkheight
2018-06-06 08:25:31.985145 0x00007f973ac35740: <info> (plugins::PluginModule.cpp@79) loading plugin from libextension.harvesting.so
2018-06-06 08:25:31.985935 0x00007f973ac35740: <debug> (plugins::PluginModule.cpp@92) plugin libextension.harvesting.so loaded as 0x558b45a052e0
2018-06-06 08:25:31.986071 0x00007f973ac35740: <info> (extensions::LocalNodeBootstrapper.cpp@102) registering dynamic extension extension.harvesting
2018-06-06 08:25:31.986371 0x00007f973ac35740: <info> (plugins::PluginModule.cpp@79) loading plugin from libextension.hashcache.so
2018-06-06 08:25:31.987009 0x00007f973ac35740: <debug> (plugins::PluginModule.cpp@92) plugin libextension.hashcache.so loaded as 0x558b45a09e40
2018-06-06 08:25:31.987036 0x00007f973ac35740: <info> (extensions::LocalNodeBootstrapper.cpp@102) registering dynamic extension extension.hashcache
2018-06-06 08:25:31.987060 0x00007f973ac35740: <info> (plugins::PluginModule.cpp@79) loading plugin from libextension.transactionsink.so
2018-06-06 08:25:31.987668 0x00007f973ac35740: <debug> (plugins::PluginModule.cpp@92) plugin libextension.transactionsink.so loaded as 0x558b45a0a590
2018-06-06 08:25:31.987701 0x00007f973ac35740: <info> (extensions::LocalNodeBootstrapper.cpp@102) registering dynamic extension extension.transactionsink
2018-06-06 08:25:31.987718 0x00007f973ac35740: <info> (plugins::PluginModule.cpp@79) loading plugin from libextension.filechain.so
2018-06-06 08:25:31.988474 0x00007f973ac35740: <debug> (plugins::PluginModule.cpp@92) plugin libextension.filechain.so loaded as 0x558b45a0b100
2018-06-06 08:25:31.988513 0x00007f973ac35740: <info> (extensions::LocalNodeBootstrapper.cpp@102) registering dynamic extension extension.filechain
2018-06-06 08:25:31.988786 0x00007f973ac35740: <info> (local::BasicLocalNode.cpp@64) registering system plugins
2018-06-06 08:25:31.989015 0x00007f973ac35740: <info> (plugins::PluginModule.cpp@79) loading plugin from libcatapult.plugins.signature.so
2018-06-06 08:25:31.990286 0x00007f973ac35740: <debug> (plugins::PluginModule.cpp@92) plugin libcatapult.plugins.signature.so loaded as 0x558b45a0c140
2018-06-06 08:25:31.990336 0x00007f973ac35740: <info> (plugins::PluginLoader.cpp@50) registering dynamic plugin catapult.plugins.signature
2018-06-06 08:25:31.990384 0x00007f973ac35740: <info> (plugins::PluginModule.cpp@79) loading plugin from libcatapult.plugins.hashcache.so
2018-06-06 08:25:31.990783 0x00007f973ac35740: <debug> (plugins::PluginModule.cpp@92) plugin libcatapult.plugins.hashcache.so loaded as 0x558b45a0ca30
2018-06-06 08:25:31.990807 0x00007f973ac35740: <info> (plugins::PluginLoader.cpp@50) registering dynamic plugin catapult.plugins.hashcache
2018-06-06 08:25:31.990862 0x00007f973ac35740: <info> (plugins::PluginModule.cpp@79) loading plugin from libcatapult.plugins.aggregate.so
2018-06-06 08:25:31.991142 0x00007f973ac35740: <debug> (plugins::PluginModule.cpp@92) plugin libcatapult.plugins.aggregate.so loaded as 0x558b45a0d780
2018-06-06 08:25:31.991164 0x00007f973ac35740: <info> (plugins::PluginLoader.cpp@50) registering dynamic plugin catapult.plugins.aggregate
2018-06-06 08:25:31.991226 0x00007f973ac35740: <info> (plugins::PluginModule.cpp@79) loading plugin from libcatapult.plugins.lock.so
2018-06-06 08:25:31.991531 0x00007f973ac35740: <debug> (plugins::PluginModule.cpp@92) plugin libcatapult.plugins.lock.so loaded as 0x558b45a0e0c0
2018-06-06 08:25:31.991550 0x00007f973ac35740: <info> (plugins::PluginLoader.cpp@50) registering dynamic plugin catapult.plugins.lock
2018-06-06 08:25:31.991602 0x00007f973ac35740: <info> (plugins::PluginModule.cpp@79) loading plugin from libcatapult.plugins.transfer.so
2018-06-06 08:25:31.991832 0x00007f973ac35740: <debug> (plugins::PluginModule.cpp@92) plugin libcatapult.plugins.transfer.so loaded as 0x558b45a0f110
2018-06-06 08:25:31.991850 0x00007f973ac35740: <info> (plugins::PluginLoader.cpp@50) registering dynamic plugin catapult.plugins.transfer
2018-06-06 08:25:31.991903 0x00007f973ac35740: <info> (plugins::PluginModule.cpp@79) loading plugin from libcatapult.plugins.namespace.so
2018-06-06 08:25:31.992301 0x00007f973ac35740: <debug> (plugins::PluginModule.cpp@92) plugin libcatapult.plugins.namespace.so loaded as 0x558b45a0fb10
2018-06-06 08:25:31.992320 0x00007f973ac35740: <info> (plugins::PluginLoader.cpp@50) registering dynamic plugin catapult.plugins.namespace
2018-06-06 08:25:31.992399 0x00007f973ac35740: <info> (plugins::PluginModule.cpp@79) loading plugin from libcatapult.plugins.multisig.so
2018-06-06 08:25:31.992676 0x00007f973ac35740: <debug> (plugins::PluginModule.cpp@92) plugin libcatapult.plugins.multisig.so loaded as 0x558b45a122b0
2018-06-06 08:25:31.992695 0x00007f973ac35740: <info> (plugins::PluginLoader.cpp@50) registering dynamic plugin catapult.plugins.multisig
2018-06-06 08:25:31.992731 0x00007f973ac35740: <debug> (local::BasicLocalNode.cpp@67) initializing cache
2018-06-06 08:25:31.992743 0x00007f973ac35740: <debug> (cache::CatapultCacheBuilder.h@44) creating CatapultCache with 8 subcaches
2018-06-06 08:25:31.992770 0x00007f973ac35740: <debug> (local::BasicLocalNode.cpp@70) registering counters
2018-06-06 08:25:31.992798 0x00007f973ac35740: <info> (utils::StackLogger.h@37) pushing scope 'booting local node'
2018-06-06 08:25:31.992946 0x00007f973ac35740: <warning> (utils::StackLogger.h@37) pushing scope 'load state'
2018-06-06 08:25:31.993507 0x00007f973ac35740: <debug> (cache::SupplementalDataStorage.cpp@52) read last recalculation height 359 (score = [0, 6626051554312546], height = 501)
2018-06-06 08:25:31.993556 0x00007f973ac35740: <warning> (utils::StackLogger.h@47) popping scope 'load state' (0ms)
2018-06-06 08:25:31.993609 0x00007f973ac35740: <info> (src::FileBlockChainStorage.cpp@37) loaded block chain from state (height = 501, score = 6626051554312546)
2018-06-06 08:25:31.993627 0x00007f973ac35740: <debug> (local::BasicLocalNode.cpp@77) booting extension services
2018-06-06 08:25:31.993711 0x00007f973ac35740: <debug> (extensions::ExtensionManager.cpp@88) registering NetworkPacketWriters services
2018-06-06 08:25:31.993746 0x00007f973ac35740: <debug> (thread::MultiServicePool.h@82) registered server::writers service 1
2018-06-06 08:25:31.993763 0x00007f973ac35740: <debug> (extensions::ExtensionManager.cpp@88) registering Diagnostics services
2018-06-06 08:25:31.993855 0x00007f973ac35740: <debug> (extensions::ExtensionManager.cpp@88) registering ApiNetworkPacketWriters services
2018-06-06 08:25:31.993888 0x00007f973ac35740: <debug> (thread::MultiServicePool.h@82) registered server::api service 1
2018-06-06 08:25:31.994042 0x00007f973ac35740: <info> (net::AsyncTcpServer.cpp@74) AsyncTcpServer created around 0.0.0.0:7901
2018-06-06 08:25:31.994101 0x00007f973ac35740: <info> (net::AsyncTcpServer.cpp@101) AsyncTcpServer spawned 1 pending accepts
2018-06-06 08:25:31.994116 0x00007f973ac35740: <debug> (thread::MultiServicePool.h@82) registered server::api service 2
2018-06-06 08:25:31.994136 0x00007f973ac35740: <debug> (extensions::ExtensionManager.cpp@88) registering HashCache services
2018-06-06 08:25:31.994148 0x00007f973ac35740: <debug> (extensions::ExtensionManager.cpp@88) registering UnbondedPruning services
2018-06-06 08:25:31.994171 0x00007f973ac35740: <debug> (extensions::ExtensionManager.cpp@88) registering Dispatcher services
2018-06-06 08:25:31.994391 0x00007f973ac35740: <info> (thread::IoServiceThreadPool.cpp@105) validator IoServiceThreadPool spawned 4 workers
2018-06-06 08:25:31.994633 0x00007f973ac35740: <debug> (src::DispatcherService.cpp@91) enabling auditing to "/data/audit/block dispatcher/68804731994"
2018-06-06 08:25:31.995793 0x00007f973ac35740: <info> (disruptor::ConsumerDispatcher.cpp@95) block dispatcher ConsumerDispatcher spawned 7 workers
2018-06-06 08:25:31.995848 0x00007f973ac35740: <debug> (thread::MultiServicePool.h@82) registered server::dispatcher service service 1
2018-06-06 08:25:31.995957 0x00007f973ac35740: <debug> (src::DispatcherService.cpp@91) enabling auditing to "/data/audit/transaction dispatcher/68804731995"
2018-06-06 08:25:31.999804 0x00007f973ac35740: <info> (disruptor::ConsumerDispatcher.cpp@95) transaction dispatcher ConsumerDispatcher spawned 5 workers
2018-06-06 08:25:31.999902 0x00007f973ac35740: <debug> (thread::MultiServicePool.h@82) registered server::dispatcher service service 2
2018-06-06 08:25:31.999954 0x00007f973ac35740: <debug> (extensions::ExtensionManager.cpp@88) registering NetworkHeight services
2018-06-06 08:25:32.000011 0x00007f973ac35740: <debug> (extensions::ExtensionManager.cpp@88) registering Sync services
2018-06-06 08:25:32.000854 0x00007f973ac35740: <debug> (extensions::ExtensionManager.cpp@88) registering SyncSource services
2018-06-06 08:25:32.001173 0x00007f973ac35740: <debug> (extensions::ExtensionManager.cpp@88) registering Harvesting services
2018-06-06 08:25:32.001300 0x00007f973ac35740: <info> (src::HarvestingService.cpp@43) Unlocked harvesting account 720E6D647A7450119273F0BAA7DD35C7BF07C4020F87B9B827BEDF5D3BAD92F8 for harvesting with result Success
2018-06-06 08:25:32.001367 0x00007f973ac35740: <debug> (extensions::ExtensionManager.cpp@88) registering TransactionSink services
2018-06-06 08:25:32.001420 0x00007f973ac35740: <debug> (extensions::ExtensionManager.cpp@88) registering NodeDiscovery services
2018-06-06 08:25:32.001479 0x00007f973ac35740: <debug> (thread::MultiServicePool.h@82) registered server::node_discovery service 1
2018-06-06 08:25:32.001539 0x00007f973ac35740: <debug> (extensions::ExtensionManager.cpp@88) registering TimeSynchronization services
2018-06-06 08:25:32.001595 0x00007f973ac35740: <debug> (thread::MultiServicePool.h@82) registered server::timesync service 1
2018-06-06 08:25:32.001650 0x00007f973ac35740: <debug> (extensions::ExtensionManager.cpp@88) registering NetworkPacketReaders services
2018-06-06 08:25:32.001729 0x00007f973ac35740: <debug> (thread::MultiServicePool.h@82) registered server::readers service 1
2018-06-06 08:25:32.001832 0x00007f973ac35740: <info> (net::AsyncTcpServer.cpp@74) AsyncTcpServer created around 0.0.0.0:7900
2018-06-06 08:25:32.001915 0x00007f973ac35740: <info> (net::AsyncTcpServer.cpp@101) AsyncTcpServer spawned 1 pending accepts
2018-06-06 08:25:32.001955 0x00007f973ac35740: <debug> (thread::MultiServicePool.h@82) registered server::readers service 2
2018-06-06 08:25:32.001995 0x00007f973ac35740: <debug> (extensions::ExtensionManager.cpp@88) registering Scheduler services
2018-06-06 08:25:32.002038 0x00007f973ac35740: <debug> (thread::MultiServicePool.h@82) registered server::scheduler service 1
2018-06-06 08:25:32.002100 0x00007f973ac35740: <debug> (thread::Scheduler.cpp@47) task 'logging task' is scheduled in 00:01:00
2018-06-06 08:25:32.002153 0x00007f973ac35740: <debug> (thread::Scheduler.cpp@47) task 'age peers task for service Api Writers' is scheduled in 00:01:00
2018-06-06 08:25:32.002210 0x00007f973ac35740: <debug> (thread::Scheduler.cpp@47) task 'batch transaction task' is scheduled in 00:00:00.500
2018-06-06 08:25:32.002274 0x00007f973ac35740: <debug> (thread::Scheduler.cpp@47) task 'network chain height detection' is scheduled in 00:00:01
2018-06-06 08:25:32.002319 0x00007f973ac35740: <debug> (thread::Scheduler.cpp@47) task 'connect peers task for service Sync' is scheduled in 00:00:00.010
2018-06-06 08:25:32.002378 0x00007f973ac35740: <debug> (thread::Scheduler.cpp@47) task 'synchronizer task' is scheduled in 00:00:03
2018-06-06 08:25:32.002431 0x00007f973ac35740: <debug> (thread::Scheduler.cpp@47) task 'pull unconfirmed transactions task' is scheduled in 00:00:04
2018-06-06 08:25:32.002476 0x00007f973ac35740: <debug> (thread::Scheduler.cpp@47) task 'harvesting task' is scheduled in 00:00:30
2018-06-06 08:25:32.002527 0x00007f973ac35740: <debug> (thread::Scheduler.cpp@47) task 'node discovery ping task' is scheduled in 00:02:00
2018-06-06 08:25:32.002579 0x00007f973ac35740: <debug> (thread::Scheduler.cpp@47) task 'node discovery peers task' is scheduled in 00:01:00
2018-06-06 08:25:32.002632 0x00007f973ac35740: <debug> (thread::Scheduler.cpp@47) task 'time synchronization task' is scheduled in 00:01:00
2018-06-06 08:25:32.002684 0x00007f973ac35740: <debug> (thread::Scheduler.cpp@47) task 'age peers task for service Readers' is scheduled in 00:01:00
2018-06-06 08:25:32.002819 0x00007f973ac35740: <info> (utils::StackLogger.h@47) popping scope 'booting local node' (10ms)
2018-06-06 08:25:32.002938 0x00007f973ac35740: <info> (server::Signals.cpp@44) waiting for termination signal
2018-06-06 08:25:32.029224 0x00007f97374fd700: <info> (ionet::PacketSocket.cpp@448) connected to 47.75.16.212 [47.75.16.212:7900]
2018-06-06 08:25:32.066772 0x00007f972ecfc700: <debug> (net::Challenge.cpp@47) preparing challenge response
2018-06-06 08:25:32.161355 0x00007f97374fd700: <debug> (net::Challenge.cpp@55) verify signature result: true
2018-06-06 08:25:32.161491 0x00007f97374fd700: <debug> (net::VerifyPeer.cpp@188) VerifyServer completed with Success
2018-06-06 08:25:32.161627 0x00007f97374fd700: <info> (extensions::PeersConnectionTasks.cpp@97) connection attempt to HK @ 47.75.16.212 completed with Accepted
2018-06-06 08:25:33.002814 0x00007f972ecfc700: <warning> (net::PacketWriters.cpp@303) [1 log count] no packet io available for checkout
2018-06-06 08:25:33.038346 0x00007f9737cfe700: <debug> (src::NetworkHeightService.cpp@45) network chain height increased from 0 to 503
2018-06-06 08:25:35.043192 0x00007f9737cfe700: <debug> (chain::CompareChains.cpp@95) comparing chain scores: 6626051554312546 (local) vs 6656051554312499 (remote)
2018-06-06 08:25:35.136205 0x00007f9737cfe700: <debug> (chain::ChainSynchronizer.cpp@290) pulling blocks from remote with common height 501 (fork depth = 0)
2018-06-06 08:25:35.229902 0x00007f97374fd700: <info> (chain::ChainSynchronizer.cpp@203) peer returned 3 blocks (heights 502 - 504)
2018-06-06 08:25:35.230030 0x00007f97374fd700: <debug> (disruptor::Disruptor.cpp@42) disruptor queuing element 1 (3 blocks (heights 502 - 504) [1A000000] from Remote_Pull)
2018-06-06 08:25:35.230101 0x00007f97374fd700: <info> (chain::RemoteApiForwarder.h@65) completed 'synchronizer task' (HK @ 47.75.16.212) with result Success
2018-06-06 08:25:35.291400 0x00007f970d7fa700: <debug> (chain::UtUpdater.cpp@79) confirmed 45 transactions, reverted 0 transactions
2018-06-06 08:25:35.298604 0x00007f970cff9700: <info> (disruptor::ConsumerDispatcher.cpp@44) completing processing of element 1 (3 blocks (heights 502 - 504) [A6214AE3] from Remote_Pull), last consumer is 0 elements behind
2018-06-06 08:25:36.037440 0x00007f97384ff700: <debug> (chain::EntitiesSynchronizer.h@51) peer returned 1 unconfirmed transactions
2018-06-06 08:25:36.037649 0x00007f97384ff700: <info> (chain::RemoteApiForwarder.h@65) completed 'pull unconfirmed transactions task' (HK @ 47.75.16.212) with result Success
2018-06-06 08:25:39.140050 0x00007f972ecfc700: <debug> (chain::EntitiesSynchronizer.h@51) peer returned 4 unconfirmed transactions
2018-06-06 08:25:39.140176 0x00007f972ecfc700: <info> (chain::RemoteApiForwarder.h@65) completed 'pull unconfirmed transactions task' (HK @ 47.75.16.212) with result Success
2018-06-06 08:25:42.234971 0x00007f97374fd700: <debug> (chain::EntitiesSynchronizer.h@51) peer returned 3 unconfirmed transactions
2018-06-06 08:25:42.235079 0x00007f97374fd700: <info> (chain::RemoteApiForwarder.h@65) completed 'pull unconfirmed transactions task' (HK @ 47.75.16.212) with result Success
2018-06-06 08:25:45.330324 0x00007f97384ff700: <debug> (chain::EntitiesSynchronizer.h@51) peer returned 3 unconfirmed transactions
2018-06-06 08:25:45.330435 0x00007f97384ff700: <info> (chain::RemoteApiForwarder.h@65) completed 'pull unconfirmed transactions task' (HK @ 47.75.16.212) with result Success
2018-06-06 08:25:48.074581 0x00007f97384ff700: <debug> (src::NetworkHeightService.cpp@45) network chain height increased from 503 to 504
2018-06-06 08:25:48.430380 0x00007f97374fd700: <debug> (chain::EntitiesSynchronizer.h@51) peer returned 3 unconfirmed transactions
2018-06-06 08:25:48.430471 0x00007f97374fd700: <info> (chain::RemoteApiForwarder.h@65) completed 'pull unconfirmed transactions task' (HK @ 47.75.16.212) with result Success
2018-06-06 08:25:51.710455 0x00007f9737cfe700: <debug> (chain::EntitiesSynchronizer.h@51) peer returned 3 unconfirmed transactions
2018-06-06 08:25:51.710607 0x00007f9737cfe700: <info> (chain::RemoteApiForwarder.h@65) completed 'pull unconfirmed transactions task' (HK @ 47.75.16.212) with result Success
2018-06-06 08:25:54.801078 0x00007f97374fd700: <debug> (chain::EntitiesSynchronizer.h@51) peer returned 3 unconfirmed transactions
2018-06-06 08:25:54.801235 0x00007f97374fd700: <info> (chain::RemoteApiForwarder.h@65) completed 'pull unconfirmed transactions task' (HK @ 47.75.16.212) with result Success
2018-06-06 08:25:57.888159 0x00007f97384ff700: <debug> (chain::EntitiesSynchronizer.h@51) peer returned 3 unconfirmed transactions
2018-06-06 08:25:57.888324 0x00007f97384ff700: <info> (chain::RemoteApiForwarder.h@65) completed 'pull unconfirmed transactions task' (HK @ 47.75.16.212) with result Success
2018-06-06 08:26:00.975871 0x00007f97374fd700: <debug> (chain::EntitiesSynchronizer.h@51) peer returned 1 unconfirmed transactions
2018-06-06 08:26:00.976173 0x00007f97374fd700: <info> (chain::RemoteApiForwarder.h@65) completed 'pull unconfirmed transactions task' (HK @ 47.75.16.212) with result Success
2018-06-06 08:26:02.003109 0x00007f972ecfc700: <info> (src::ScheduledHarvesterTask.cpp@35) Successfully harvested block at 505 with signer 720E6D647A7450119273F0BAA7DD35C7BF07C4020F87B9B827BEDF5D3BAD92F8
2018-06-06 08:26:02.003251 0x00007f972ecfc700: <debug> (disruptor::Disruptor.cpp@42) disruptor queuing element 2 (1 blocks (heights 505 - 505) [0038D337] from Local)
2018-06-06 08:26:02.042759 0x00007f970d7fa700: <debug> (chain::UtUpdater.cpp@79) confirmed 24 transactions, reverted 0 transactions
2018-06-06 08:26:02.043006 0x00007f970d7fa700: <debug> (cache::MemoryUtCache.cpp@173) removing 24 elements from ut cache
2018-06-06 08:26:02.052344 0x00007f970cff9700: <debug> (consumers::NewBlockConsumer.cpp@53) forwarding a new block with height 505
2018-06-06 08:26:02.052457 0x00007f970cff9700: <info> (disruptor::ConsumerDispatcher.cpp@44) completing processing of element 2 (1 blocks (heights 505 - 505) [11BCAB04] empty from Local), last consumer is 0 elements behind
2018-06-06 08:26:02.670560 0x00007f972ecfc700: <debug> (chain::CompareChains.cpp@95) comparing chain scores: 6666051554312472 (local) vs 6666051554312473 (remote)
2018-06-06 08:26:02.756828 0x00007f97384ff700: <debug> (chain::ChainSynchronizer.cpp@290) pulling blocks from remote with common height 504 (fork depth = 1)
2018-06-06 08:26:02.844103 0x00007f972ecfc700: <info> (chain::ChainSynchronizer.cpp@203) peer returned 1 blocks (heights 505 - 505)
2018-06-06 08:26:02.844197 0x00007f972ecfc700: <debug> (disruptor::Disruptor.cpp@42) disruptor queuing element 3 (1 blocks (heights 505 - 505) [1A000000] from Remote_Pull)
2018-06-06 08:26:02.844239 0x00007f972ecfc700: <info> (chain::RemoteApiForwarder.h@65) completed 'synchronizer task' (HK @ 47.75.16.212) with result Success
2018-06-06 08:26:02.883610 0x00007f970d7fa700: <debug> (src::DispatcherService.cpp@107) rolling back block at height 505
2018-06-06 08:26:02.885916 0x00007f970d7fa700: <debug> (chain::UtUpdater.cpp@79) confirmed 25 transactions, reverted 1 transactions
2018-06-06 08:26:02.890993 0x00007f970cff9700: <info> (disruptor::ConsumerDispatcher.cpp@44) completing processing of element 3 (1 blocks (heights 505 - 505) [50A2E543] from Remote_Pull), last consumer is 0 elements behind
2018-06-06 08:26:03.111940 0x00007f972ecfc700: <debug> (src::NetworkHeightService.cpp@45) network chain height increased from 504 to 505
2018-06-06 08:26:04.063632 0x00007f97374fd700: <debug> (chain::EntitiesSynchronizer.h@51) peer returned 3 unconfirmed transactions
2018-06-06 08:26:04.063778 0x00007f97374fd700: <info> (chain::RemoteApiForwarder.h@65) completed 'pull unconfirmed transactions task' (HK @ 47.75.16.212) with result Success
2018-06-06 08:26:04.513230 0x00007f972ecfc700: <debug> (disruptor::Disruptor.cpp@42) disruptor queuing element 10 (3 txes [0038D337] from Remote_Pull)
2018-06-06 08:26:04.543250 0x00007f96f5ffb700: <info> (disruptor::ConsumerDispatcher.cpp@44) completing processing of element 10 (3 txes [73D6E8E6] empty from Remote_Pull), last consumer is 0 elements behind
2018-06-06 08:26:07.173063 0x00007f97374fd700: <debug> (chain::EntitiesSynchronizer.h@51) peer returned 3 unconfirmed transactions
2018-06-06 08:26:07.173372 0x00007f97374fd700: <info> (chain::RemoteApiForwarder.h@65) completed 'pull unconfirmed transactions task' (HK @ 47.75.16.212) with result Success
2018-06-06 08:26:10.266371 0x00007f97384ff700: <debug> (chain::EntitiesSynchronizer.h@51) peer returned 3 unconfirmed transactions
2018-06-06 08:26:10.266480 0x00007f97384ff700: <info> (chain::RemoteApiForwarder.h@65) completed 'pull unconfirmed transactions task' (HK @ 47.75.16.212) with result Success
2018-06-06 08:26:13.360168 0x00007f97374fd700: <debug> (chain::EntitiesSynchronizer.h@51) peer returned 3 unconfirmed transactions
2018-06-06 08:26:13.360296 0x00007f97374fd700: <info> (chain::RemoteApiForwarder.h@65) completed 'pull unconfirmed transactions task' (HK @ 47.75.16.212) with result Success
2018-06-06 08:26:14.006992 0x00007f97384ff700: <info> (src::ScheduledHarvesterTask.cpp@35) Successfully harvested block at 506 with signer 720E6D647A7450119273F0BAA7DD35C7BF07C4020F87B9B827BEDF5D3BAD92F8
2018-06-06 08:26:14.007213 0x00007f97384ff700: <debug> (disruptor::Disruptor.cpp@42) disruptor queuing element 4 (1 blocks (heights 506 - 506) [0038D337] from Local)
2018-06-06 08:26:14.056535 0x00007f970d7fa700: <debug> (chain::UtUpdater.cpp@79) confirmed 13 transactions, reverted 0 transactions
2018-06-06 08:26:14.056749 0x00007f970d7fa700: <debug> (cache::MemoryUtCache.cpp@173) removing 13 elements from ut cache
2018-06-06 08:26:14.057904 0x00007f970cff9700: <debug> (consumers::NewBlockConsumer.cpp@53) forwarding a new block with height 506
2018-06-06 08:26:14.058100 0x00007f970cff9700: <info> (disruptor::ConsumerDispatcher.cpp@44) completing processing of element 4 (1 blocks (heights 506 - 506) [8DF23FDB] empty from Local), last consumer is 0 elements behind
2018-06-06 08:26:16.399016 0x00007f97384ff700: <debug> (chain::EntitiesSynchronizer.h@51) peer returned 3 unconfirmed transactions
2018-06-06 08:26:16.399147 0x00007f97384ff700: <info> (chain::RemoteApiForwarder.h@65) completed 'pull unconfirmed transactions task' (HK @ 47.75.16.212) with result Success
2018-06-06 08:26:18.146321 0x00007f9737cfe700: <debug> (src::NetworkHeightService.cpp@45) network chain height increased from 505 to 506
2018-06-06 08:26:19.488039 0x00007f97374fd700: <debug> (chain::EntitiesSynchronizer.h@51) peer returned 3 unconfirmed transactions
2018-06-06 08:26:19.488170 0x00007f97374fd700: <info> (chain::RemoteApiForwarder.h@65) completed 'pull unconfirmed transactions task' (HK @ 47.75.16.212) with result Success
2018-06-06 08:26:21.009379 0x00007f9737cfe700: <info> (src::ScheduledHarvesterTask.cpp@35) Successfully harvested block at 507 with signer 720E6D647A7450119273F0BAA7DD35C7BF07C4020F87B9B827BEDF5D3BAD92F8
2018-06-06 08:26:21.009428 0x00007f9737cfe700: <debug> (disruptor::Disruptor.cpp@42) disruptor queuing element 5 (1 blocks (heights 507 - 507) [0038D337] from Local)
2018-06-06 08:26:21.040423 0x00007f970d7fa700: <debug> (chain::UtUpdater.cpp@79) confirmed 6 transactions, reverted 0 transactions
2018-06-06 08:26:21.040498 0x00007f970d7fa700: <debug> (cache::MemoryUtCache.cpp@173) removing 6 elements from ut cache
2018-06-06 08:26:21.049913 0x00007f970cff9700: <debug> (consumers::NewBlockConsumer.cpp@53) forwarding a new block with height 507
2018-06-06 08:26:21.049985 0x00007f970cff9700: <info> (disruptor::ConsumerDispatcher.cpp@44) completing processing of element 5 (1 blocks (heights 507 - 507) [FEB311D6] empty from Local), last consumer is 0 elements behind
2018-06-06 08:26:22.521674 0x00007f972ecfc700: <debug> (chain::EntitiesSynchronizer.h@51) peer returned 2 unconfirmed transactions
2018-06-06 08:26:22.521807 0x00007f972ecfc700: <info> (chain::RemoteApiForwarder.h@65) completed 'pull unconfirmed transactions task' (HK @ 47.75.16.212) with result Success
2018-06-06 08:26:25.619364 0x00007f97384ff700: <debug> (chain::EntitiesSynchronizer.h@51) peer returned 3 unconfirmed transactions
2018-06-06 08:26:25.619537 0x00007f97384ff700: <info> (chain::RemoteApiForwarder.h@65) completed 'pull unconfirmed transactions task' (HK @ 47.75.16.212) with result Success
2018-06-06 08:26:28.706532 0x00007f97384ff700: <debug> (chain::EntitiesSynchronizer.h@51) peer returned 3 unconfirmed transactions
2018-06-06 08:26:28.706659 0x00007f97384ff700: <info> (chain::RemoteApiForwarder.h@65) completed 'pull unconfirmed transactions task' (HK @ 47.75.16.212) with result Success
2018-06-06 08:26:31.019829 0x00007f97374fd700: <debug> (net::Challenge.cpp@55) verify signature result: true
2018-06-06 08:26:31.019927 0x00007f97374fd700: <debug> (net::Challenge.cpp@47) preparing challenge response
2018-06-06 08:26:31.020317 0x00007f97374fd700: <debug> (net::VerifyPeer.cpp@107) VerifyClient completed with Success (None)
2018-06-06 08:26:31.020428 0x00007f97374fd700: <debug> (net::PacketReaders.cpp@189) accepted connection from '172.19.0.4' as 3A0C3A4020A180A9262ED8C872C88AAA86A9C78748274133CCBE7B8225B35508
2018-06-06 08:26:31.020477 0x00007f97374fd700: <info> (extensions::NetworkUtils.h@49) accept result to local node port 7900: Accepted
2018-06-06 08:26:31.836206 0x00007f97384ff700: <debug> (chain::EntitiesSynchronizer.h@51) peer returned 3 unconfirmed transactions
2018-06-06 08:26:31.836344 0x00007f97384ff700: <info> (chain::RemoteApiForwarder.h@65) completed 'pull unconfirmed transactions task' (HK @ 47.75.16.212) with result Success
2018-06-06 08:26:32.002587 0x00007f97374fd700: <info> (src::DiagnosticsService.cpp@39) --- current counter values ---
  MEM CUR RSS : 31
  MEM MAX RSS : 31
 MEM CUR VIRT : 1628
  MEM SHR RSS : 18
     ACNTST C : 26
     BLKDIF C : 507
       HASH C : 569
   HASHLOCK C : 0
 SECRETLOCK C : 0
         NS C : 2
      NS C AS : 2
      NS C DS : 2
     MOSAIC C : 3
  MOSAIC C DS : 3
     UT CACHE : 8
      WRITERS : 1
    B WRITERS : 0
 BLK ELEM TOT : 5
 BLK ELEM ACT : 0
  TX ELEM TOT : 18
  TX ELEM ACT : 0
RB COMMIT ALL : 1
RB COMMIT RCT : 1
RB IGNORE ALL : 0
RB IGNORE RCT : 0
 UNLKED ACCTS : 1
 ACTIVE PINGS : 0
  TOTAL PINGS : 0
SUCCESS PINGS : 0
TS OFFSET ABS : 0
TS OFFSET DIR : 0
  TS NODE AGE : 0
 TS TOTAL REQ : 0
      READERS : 1
        TASKS : 12
2018-06-06 08:26:32.003262 0x00007f972ecfc700: <debug> (src::TimeSynchronizationUtils.cpp@68) timesync: number of selected nodes: 0
2018-06-06 08:26:32.003376 0x00007f972ecfc700: <debug> (src::TimeSynchronizationUtils.cpp@134) timesync: number of retrieved samples: 0
2018-06-06 08:26:32.003444 0x00007f972ecfc700: <warning> (src::TimeSynchronizer.cpp@58) no synchronization samples available to calculate network time
2018-06-06 08:26:32.037048 0x00007f9737cfe700: <debug> (src::BatchPeersRequestor.cpp@48) partner node HK @ 47.75.16.212 returned 2 peers
2018-06-06 08:26:32.037407 0x00007f9737cfe700: <debug> (src::PeersProcessor.cpp@40) initiating ping with api-node-0 @ api-node-0
2018-06-06 08:26:32.039511 0x00007f97374fd700: <info> (ionet::PacketSocket.cpp@448) connected to api-node-0 [172.19.0.4:7900]
2018-06-06 08:26:32.040100 0x00007f97374fd700: <debug> (net::Challenge.cpp@47) preparing challenge response
2018-06-06 08:26:32.079725 0x00007f972ecfc700: <debug> (net::Challenge.cpp@55) verify signature result: true
2018-06-06 08:26:32.079852 0x00007f972ecfc700: <debug> (net::VerifyPeer.cpp@188) VerifyServer completed with Success
2018-06-06 08:26:32.119643 0x00007f97374fd700: <info> (src::PeersProcessor.cpp@51) ping with api-node-0 @ api-node-0 completed with: Success
2018-06-06 08:26:32.162021 0x00007f97374fd700: <debug> (extensions::PeersConnectionTasks.cpp@76) no add candidates for service 1398361667
2018-06-06 08:26:33.146682 0x00007f9737cfe700: <warning> (net::PacketWriters.cpp@303) [5 log count] no packet io available for checkout
2018-06-06 08:26:33.212926 0x00007f972ecfc700: <warning> (chain::RemoteApiForwarder.h@54) [1 log count] no packet io available for operation 'synchronizer task'
2018-06-06 08:26:33.219068 0x00007f9737cfe700: <debug> (src::NetworkHeightService.cpp@45) network chain height increased from 506 to 507
2018-06-06 08:26:34.927316 0x00007f97374fd700: <debug> (chain::EntitiesSynchronizer.h@51) peer returned 3 unconfirmed transactions
2018-06-06 08:26:34.927454 0x00007f97374fd700: <info> (chain::RemoteApiForwarder.h@65) completed 'pull unconfirmed transactions task' (HK @ 47.75.16.212) with result Success
2018-06-06 08:26:35.023806 0x00007f972ecfc700: <debug> (disruptor::Disruptor.cpp@42) disruptor queuing element 20 (3 txes [E0716E36] from Remote_Pull)
2018-06-06 08:26:35.054815 0x00007f96f5ffb700: <info> (disruptor::ConsumerDispatcher.cpp@44) completing processing of element 20 (3 txes [C43BE5C9] empty from Remote_Pull), last consumer is 0 elements behind
2018-06-06 08:26:38.015020 0x00007f972ecfc700: <debug> (chain::EntitiesSynchronizer.h@51) peer returned 3 unconfirmed transactions
2018-06-06 08:26:38.015174 0x00007f972ecfc700: <info> (chain::RemoteApiForwarder.h@65) completed 'pull unconfirmed transactions task' (HK @ 47.75.16.212) with result Success
2018-06-06 08:26:40.015214 0x00007f9737cfe700: <info> (src::ScheduledHarvesterTask.cpp@35) Successfully harvested block at 508 with signer 720E6D647A7450119273F0BAA7DD35C7BF07C4020F87B9B827BEDF5D3BAD92F8
2018-06-06 08:26:40.015343 0x00007f9737cfe700: <debug> (disruptor::Disruptor.cpp@42) disruptor queuing element 6 (1 blocks (heights 508 - 508) [0038D337] from Local)
2018-06-06 08:26:40.047288 0x00007f970d7fa700: <debug> (chain::UtUpdater.cpp@79) confirmed 17 transactions, reverted 0 transactions
2018-06-06 08:26:40.047448 0x00007f970d7fa700: <debug> (cache::MemoryUtCache.cpp@173) removing 17 elements from ut cache
2018-06-06 08:26:40.048279 0x00007f970cff9700: <debug> (consumers::NewBlockConsumer.cpp@53) forwarding a new block with height 508
2018-06-06 08:26:40.048682 0x00007f970cff9700: <info> (disruptor::ConsumerDispatcher.cpp@44) completing processing of element 6 (1 blocks (heights 508 - 508) [2F8ACF21] empty from Local), last consumer is 0 elements behind
2018-06-06 08:26:41.053796 0x00007f97374fd700: <debug> (chain::EntitiesSynchronizer.h@51) peer returned 1 unconfirmed transactions
2018-06-06 08:26:41.053948 0x00007f97374fd700: <info> (chain::RemoteApiForwarder.h@65) completed 'pull unconfirmed transactions task' (HK @ 47.75.16.212) with result Success
2018-06-06 08:26:44.150263 0x00007f97384ff700: <debug> (chain::EntitiesSynchronizer.h@51) peer returned 3 unconfirmed transactions
2018-06-06 08:26:44.150308 0x00007f97384ff700: <info> (chain::RemoteApiForwarder.h@65) completed 'pull unconfirmed transactions task' (HK @ 47.75.16.212) with result Success
2018-06-06 08:26:48.253849 0x00007f9737cfe700: <debug> (src::NetworkHeightService.cpp@45) network chain height increased from 507 to 508
2018-06-06 08:26:49.028968 0x00007f97384ff700: <debug> (disruptor::Disruptor.cpp@42) disruptor queuing element 30 (1 txes [E0716E36] from Remote_Push)
2018-06-06 08:26:49.058906 0x00007f96f5ffb700: <info> (disruptor::ConsumerDispatcher.cpp@44) completing processing of element 30 (1 txes [BFBC4C07] empty from Remote_Push), last consumer is 0 elements behind
2018-06-06 08:26:59.532792 0x00007f9737cfe700: <debug> (disruptor::Disruptor.cpp@42) disruptor queuing element 40 (1 txes [2E323132] from Remote_Push)
2018-06-06 08:26:59.561006 0x00007f96f5ffb700: <info> (disruptor::ConsumerDispatcher.cpp@44) completing processing of element 40 (1 txes [15B51791] empty from Remote_Push), last consumer is 0 elements behind
2018-06-06 08:27:00.021376 0x00007f972ecfc700: <info> (src::ScheduledHarvesterTask.cpp@35) Successfully harvested block at 509 with signer 720E6D647A7450119273F0BAA7DD35C7BF07C4020F87B9B827BEDF5D3BAD92F8
2018-06-06 08:27:00.021501 0x00007f972ecfc700: <debug> (disruptor::Disruptor.cpp@42) disruptor queuing element 7 (1 blocks (heights 509 - 509) [0038D337] from Local)
2018-06-06 08:27:00.049340 0x00007f970d7fa700: <debug> (chain::UtUpdater.cpp@79) confirmed 18 transactions, reverted 0 transactions
2018-06-06 08:27:00.049488 0x00007f970d7fa700: <debug> (cache::MemoryUtCache.cpp@173) removing 18 elements from ut cache
2018-06-06 08:27:00.055627 0x00007f970cff9700: <debug> (consumers::NewBlockConsumer.cpp@53) forwarding a new block with height 509
2018-06-06 08:27:00.056080 0x00007f970cff9700: <info> (disruptor::ConsumerDispatcher.cpp@44) completing processing of element 7 (1 blocks (heights 509 - 509) [3B9242B2] empty from Local), last consumer is 0 elements behind
2018-06-06 08:27:02.428280 0x00007f972ecfc700: <debug> (chain::EntitiesSynchronizer.h@51) peer returned 1 unconfirmed transactions
2018-06-06 08:27:02.428462 0x00007f972ecfc700: <info> (chain::RemoteApiForwarder.h@65) completed 'pull unconfirmed transactions task' (HK @ 47.75.16.212) with result Success
2018-06-06 08:27:03.290255 0x00007f97384ff700: <debug> (src::NetworkHeightService.cpp@45) network chain height increased from 508 to 509
2018-06-06 08:27:05.490679 0x00007f97374fd700: <debug> (chain::EntitiesSynchronizer.h@51) peer returned 1 unconfirmed transactions
2018-06-06 08:27:05.490814 0x00007f97374fd700: <info> (chain::RemoteApiForwarder.h@65) completed 'pull unconfirmed transactions task' (HK @ 47.75.16.212) with result Success
2018-06-06 08:27:08.036140 0x00007f972ecfc700: <debug> (disruptor::Disruptor.cpp@42) disruptor queuing element 50 (1 txes [0138D337] from Remote_Push)
2018-06-06 08:27:08.061443 0x00007f96f5ffb700: <info> (disruptor::ConsumerDispatcher.cpp@44) completing processing of element 50 (1 txes [29F856AB] empty from Remote_Push), last consumer is 0 elements behind
2018-06-06 08:27:08.545122 0x00007f97384ff700: <debug> (chain::EntitiesSynchronizer.h@51) peer returned 1 unconfirmed transactions
2018-06-06 08:27:08.545263 0x00007f97384ff700: <info> (chain::RemoteApiForwarder.h@65) completed 'pull unconfirmed transactions task' (HK @ 47.75.16.212) with result Success
2018-06-06 08:27:11.593691 0x00007f9737cfe700: <debug> (chain::EntitiesSynchronizer.h@51) peer returned 1 unconfirmed transactions
2018-06-06 08:27:11.593775 0x00007f9737cfe700: <info> (chain::RemoteApiForwarder.h@65) completed 'pull unconfirmed transactions task' (HK @ 47.75.16.212) with result Success
2018-06-06 08:27:14.670691 0x00007f9737cfe700: <debug> (chain::EntitiesSynchronizer.h@51) peer returned 1 unconfirmed transactions
2018-06-06 08:27:14.670862 0x00007f9737cfe700: <info> (chain::RemoteApiForwarder.h@65) completed 'pull unconfirmed transactions task' (HK @ 47.75.16.212) with result Success
2018-06-06 08:27:15.038648 0x00007f9737cfe700: <debug> (disruptor::Disruptor.cpp@42) disruptor queuing element 60 (1 txes [C0300028] from Remote_Push)
2018-06-06 08:27:15.076937 0x00007f96f5ffb700: <info> (disruptor::ConsumerDispatcher.cpp@44) completing processing of element 60 (1 txes [2AD06C37] empty from Remote_Push), last consumer is 0 elements behind
2018-06-06 08:27:17.720284 0x00007f9737cfe700: <debug> (chain::EntitiesSynchronizer.h@51) peer returned 1 unconfirmed transactions
2018-06-06 08:27:17.720416 0x00007f9737cfe700: <info> (chain::RemoteApiForwarder.h@65) completed 'pull unconfirmed transactions task' (HK @ 47.75.16.212) with result Success
2018-06-06 08:27:18.813297 0x00007f972ecfc700: <debug> (chain::CompareChains.cpp@95) comparing chain scores: 6706051554312414 (local) vs 6716051554312395 (remote)
2018-06-06 08:27:18.898714 0x00007f97384ff700: <debug> (chain::ChainSynchronizer.cpp@290) pulling blocks from remote with common height 505 (fork depth = 4)
2018-06-06 08:27:19.000099 0x00007f9737cfe700: <info> (chain::ChainSynchronizer.cpp@203) peer returned 5 blocks (heights 506 - 510)
2018-06-06 08:27:19.000271 0x00007f9737cfe700: <debug> (disruptor::Disruptor.cpp@42) disruptor queuing element 8 (5 blocks (heights 506 - 510) [1A000000] from Remote_Pull)
2018-06-06 08:27:19.000360 0x00007f9737cfe700: <info> (chain::RemoteApiForwarder.h@65) completed 'synchronizer task' (HK @ 47.75.16.212) with result Success
2018-06-06 08:27:19.027205 0x00007f972ecfc700: <info> (src::ScheduledHarvesterTask.cpp@35) Successfully harvested block at 510 with signer 720E6D647A7450119273F0BAA7DD35C7BF07C4020F87B9B827BEDF5D3BAD92F8
2018-06-06 08:27:19.027352 0x00007f972ecfc700: <debug> (disruptor::Disruptor.cpp@42) disruptor queuing element 9 (1 blocks (heights 510 - 510) [0038D337] from Local)
2018-06-06 08:27:19.038979 0x00007f970d7fa700: <debug> (src::DispatcherService.cpp@107) rolling back block at height 509
2018-06-06 08:27:19.039641 0x00007f970d7fa700: <debug> (src::DispatcherService.cpp@107) rolling back block at height 508
2018-06-06 08:27:19.040237 0x00007f970d7fa700: <debug> (src::DispatcherService.cpp@107) rolling back block at height 507
2018-06-06 08:27:19.040852 0x00007f970d7fa700: <debug> (src::DispatcherService.cpp@107) rolling back block at height 506
2018-06-06 08:27:19.045769 0x00007f970d7fa700: <debug> (chain::UtUpdater.cpp@79) confirmed 72 transactions, reverted 0 transactions
2018-06-06 08:27:19.045884 0x00007f970d7fa700: <debug> (cache::MemoryUtCache.cpp@173) removing 18 elements from ut cache
2018-06-06 08:27:19.055536 0x00007f970cff9700: <info> (disruptor::ConsumerDispatcher.cpp@44) completing processing of element 8 (5 blocks (heights 506 - 510) [FC968505] from Remote_Pull), last consumer is 1 elements behind
2018-06-06 08:27:19.066626 0x00007f970d7fa700: <debug> (src::DispatcherService.cpp@107) rolling back block at height 510
2018-06-06 08:27:19.067105 0x00007f970d7fa700: <warning> (consumers::BlockChainSyncConsumer.cpp@186) peer score (9999999999981) is not better than local score (9999999999981)
2018-06-06 08:27:19.075757 0x00007f970cff9700: <info> (disruptor::ConsumerDispatcher.cpp@44) completing processing of element 9 (1 blocks (heights 510 - 510) [3F38E863] from Local), last consumer is 0 elements behind
2018-06-06 08:27:19.075838 0x00007f970cff9700: <warning> (consumers::ReclaimMemoryInspector.cpp@32) consumer aborted at position 8 while processing 1 blocks (heights 510 - 510) [3F38E863] from Local due to Failure_Consumer_Remote_Chain_Score_Not_Better
2018-06-06 08:27:20.720852 0x00007f9737cfe700: <error> (ionet::PacketSocket.cpp@62) failed when writing to socket: Broken pipe
2018-06-06 08:27:20.720994 0x00007f9737cfe700: <warning> (net::PacketWriters.cpp@242) calling error handler due to write error
2018-06-06 08:27:20.721052 0x00007f9737cfe700: <warning> (net::PacketWriters.cpp@310) error handler triggered for HK @ 47.75.16.212
2018-06-06 08:27:20.721121 0x00007f9737cfe700: <error> (api::RemoteRequestDispatcher.h@49) write to remote node failed for pull unconfirmed transactions request
2018-06-06 08:27:20.722297 0x00007f9737cfe700: <warning> (chain::EntitiesSynchronizer.h@55) exception thrown while requesting unconfirmed transactions: write to remote node failed
2018-06-06 08:27:20.722433 0x00007f9737cfe700: <info> (chain::RemoteApiForwarder.h@65) completed 'pull unconfirmed transactions task' (HK @ 47.75.16.212) with result Failure
2018-06-06 08:27:23.722795 0x00007f97374fd700: <warning> (chain::RemoteApiForwarder.h@54) [1 log count] no packet io available for operation 'pull unconfirmed transactions task'
2018-06-06 08:27:24.041611 0x00007f97384ff700: <debug> (disruptor::Disruptor.cpp@42) disruptor queuing element 70 (1 txes [0038D337] from Remote_Push)
2018-06-06 08:27:24.069378 0x00007f96f5ffb700: <info> (disruptor::ConsumerDispatcher.cpp@44) completing processing of element 70 (1 txes [485CCD61] empty from Remote_Push), last consumer is 0 elements behind
2018-06-06 08:27:31.031104 0x00007f97374fd700: <info> (src::ScheduledHarvesterTask.cpp@35) Successfully harvested block at 511 with signer 720E6D647A7450119273F0BAA7DD35C7BF07C4020F87B9B827BEDF5D3BAD92F8
2018-06-06 08:27:31.031226 0x00007f97374fd700: <debug> (disruptor::Disruptor.cpp@42) disruptor queuing element 10 (1 blocks (heights 511 - 511) [0038D337] from Local)
2018-06-06 08:27:31.075022 0x00007f970d7fa700: <debug> (chain::UtUpdater.cpp@79) confirmed 14 transactions, reverted 0 transactions
2018-06-06 08:27:31.075217 0x00007f970d7fa700: <debug> (cache::MemoryUtCache.cpp@173) removing 14 elements from ut cache
2018-06-06 08:27:31.076679 0x00007f970cff9700: <debug> (consumers::NewBlockConsumer.cpp@53) forwarding a new block with height 511
2018-06-06 08:27:31.076823 0x00007f970cff9700: <info> (disruptor::ConsumerDispatcher.cpp@44) completing processing of element 10 (1 blocks (heights 511 - 511) [9EDA2EE9] empty from Local), last consumer is 0 elements behind
2018-06-06 08:27:32.038111 0x00007f97374fd700: <warning> (src::BatchPeersRequestor.cpp@37) [1 log count] no packet io available for requesting peers
2018-06-06 08:27:32.184907 0x00007f97384ff700: <error> (ionet::PacketSocket.cpp@456) failed when connecting to '47.75.16.212': Connection refused (cancelled? false)
2018-06-06 08:27:32.185089 0x00007f97384ff700: <debug> (net::PacketWriters.cpp@142) aborting connection to: HK @ 47.75.16.212
2018-06-06 08:27:32.185162 0x00007f97384ff700: <warning> (extensions::PeersConnectionTasks.cpp@97) connection attempt to HK @ 47.75.16.212 completed with Socket_Error
2018-06-06 08:27:32.185238 0x00007f97384ff700: <warning> (extensions::PeersConnectionTasks.cpp@120) unable to connect to any nodes for service 1398361667
2018-06-06 08:27:33.331804 0x00007f97374fd700: <warning> (net::PacketWriters.cpp@303) [19 log count] no packet io available for checkout
2018-06-06 08:27:33.331939 0x00007f97374fd700: <warning> (src::NetworkPacketWritersService.cpp@46) could not find any peer for detecting chain heights
2018-06-06 08:27:34.001615 0x00007f9737cfe700: <warning> (chain::RemoteApiForwarder.h@54) [6 log count] no packet io available for operation 'synchronizer task'
2018-06-06 08:27:34.545548 0x00007f972ecfc700: <debug> (disruptor::Disruptor.cpp@42) disruptor queuing element 80 (1 txes [0038D337] from Remote_Push)
2018-06-06 08:27:34.572347 0x00007f96f5ffb700: <info> (disruptor::ConsumerDispatcher.cpp@44) completing processing of element 80 (1 txes [3E505A6C] empty from Remote_Push), last consumer is 0 elements behind
2018-06-06 08:27:44.549047 0x00007f97384ff700: <debug> (disruptor::Disruptor.cpp@42) disruptor queuing element 90 (1 txes [0038D337] from Remote_Push)
2018-06-06 08:27:44.588667 0x00007f96f5ffb700: <info> (disruptor::ConsumerDispatcher.cpp@44) completing processing of element 90 (1 txes [400CA20A] empty from Remote_Push), last consumer is 0 elements behind
2018-06-06 08:27:48.332278 0x00007f97374fd700: <warning> (src::NetworkPacketWritersService.cpp@46) could not find any peer for detecting chain heights
2018-06-06 08:27:52.037909 0x00007f972ecfc700: <info> (src::ScheduledHarvesterTask.cpp@35) Successfully harvested block at 512 with signer 720E6D647A7450119273F0BAA7DD35C7BF07C4020F87B9B827BEDF5D3BAD92F8
2018-06-06 08:27:52.038049 0x00007f972ecfc700: <debug> (disruptor::Disruptor.cpp@42) disruptor queuing element 11 (1 blocks (heights 512 - 512) [0038D337] from Local)
2018-06-06 08:27:52.074449 0x00007f970d7fa700: <debug> (chain::UtUpdater.cpp@79) confirmed 20 transactions, reverted 0 transactions
2018-06-06 08:27:52.074628 0x00007f970d7fa700: <debug> (cache::MemoryUtCache.cpp@173) removing 21 elements from ut cache
2018-06-06 08:27:52.082600 0x00007f970cff9700: <debug> (consumers::NewBlockConsumer.cpp@53) forwarding a new block with height 512
2018-06-06 08:27:52.082754 0x00007f970cff9700: <info> (disruptor::ConsumerDispatcher.cpp@44) completing processing of element 11 (1 blocks (heights 512 - 512) [8A4937DB] empty from Local), last consumer is 0 elements behind
2018-06-06 08:27:55.052748 0x00007f972ecfc700: <debug> (disruptor::Disruptor.cpp@42) disruptor queuing element 100 (1 txes [0038D337] from Remote_Push)
2018-06-06 08:27:55.087917 0x00007f96f5ffb700: <info> (disruptor::ConsumerDispatcher.cpp@44) completing processing of element 100 (1 txes [0AC17F26] empty from Remote_Push), last consumer is 0 elements behind
2018-06-06 08:28:02.041213 0x00007f97384ff700: <info> (src::ScheduledHarvesterTask.cpp@35) Successfully harvested block at 513 with signer 720E6D647A7450119273F0BAA7DD35C7BF07C4020F87B9B827BEDF5D3BAD92F8
2018-06-06 08:28:02.041352 0x00007f97384ff700: <debug> (disruptor::Disruptor.cpp@42) disruptor queuing element 12 (1 blocks (heights 513 - 513) [0038D337] from Local)
2018-06-06 08:28:02.069298 0x00007f970d7fa700: <debug> (chain::UtUpdater.cpp@79) confirmed 10 transactions, reverted 0 transactions
2018-06-06 08:28:02.069488 0x00007f970d7fa700: <debug> (cache::MemoryUtCache.cpp@173) removing 10 elements from ut cache
2018-06-06 08:28:02.075397 0x00007f970cff9700: <debug> (consumers::NewBlockConsumer.cpp@53) forwarding a new block with height 513
2018-06-06 08:28:02.075558 0x00007f970cff9700: <info> (disruptor::ConsumerDispatcher.cpp@44) completing processing of element 12 (1 blocks (heights 513 - 513) [32AFA790] empty from Local), last consumer is 0 elements behind
2018-06-06 08:28:03.332589 0x00007f97374fd700: <warning> (src::NetworkPacketWritersService.cpp@46) could not find any peer for detecting chain heights
2018-06-06 08:28:05.089163 0x00007f973ac35740: <info> (server::Signals.cpp@50) termination signal 2 received
2018-06-06 08:28:05.089240 0x00007f973ac35740: <info> (server::ServerMain.cpp@65) shutting down local node
2018-06-06 08:28:05.089255 0x00007f973ac35740: <info> (utils::StackLogger.h@37) pushing scope 'shutting down local node'
2018-06-06 08:28:05.089271 0x00007f973ac35740: <info> (thread::MultiServicePool.h@159) shutting down scheduler (service group)
2018-06-06 08:28:05.089284 0x00007f973ac35740: <info> (thread::MultiServicePool.h@78) shutting down server::scheduler service 1
2018-06-06 08:28:05.089344 0x00007f973ac35740: <info> (thread::Scheduler.cpp@200) Scheduler stopped
2018-06-06 08:28:05.089473 0x00007f973ac35740: <info> (thread::MultiServicePool.h@159) shutting down readers (service group)
2018-06-06 08:28:05.089497 0x00007f973ac35740: <info> (thread::MultiServicePool.h@78) shutting down server::readers service 2
2018-06-06 08:28:05.089508 0x00007f973ac35740: <info> (net::AsyncTcpServer.cpp@110) AsyncTcpServer stopping
2018-06-06 08:28:05.090465 0x00007f972ecfc700: <warning> (ionet::PacketSocket.cpp@351) async_accept returned an error: system:125
2018-06-06 08:28:05.090596 0x00007f973ac35740: <info> (net::AsyncTcpServer.cpp@116) AsyncTcpServer stopped
2018-06-06 08:28:05.090630 0x00007f973ac35740: <info> (thread::MultiServicePool.h@78) shutting down server::readers service 1
2018-06-06 08:28:05.090657 0x00007f973ac35740: <info> (net::PacketReaders.cpp@204) closing all connections in PacketReaders
2018-06-06 08:28:05.090668 0x00007f973ac35740: <info> (net::ClientConnector.cpp@87) closing all connections in ClientConnector
2018-06-06 08:28:05.090796 0x00007f97374fd700: <info> (ionet::PacketSocket.cpp@51) eof reading from socket: End of file
2018-06-06 08:28:05.090817 0x00007f97374fd700: <warning> (net::ChainedSocketReader.cpp@66) reader (3A0C3A4020A180A9262ED8C872C88AAA86A9C78748274133CCBE7B8225B35508 @ 172.19.0.4) read completed with error: Closed
2018-06-06 08:28:05.090889 0x00007f973ac35740: <info> (thread::MultiServicePool.h@159) shutting down timesync (service group)
2018-06-06 08:28:05.090908 0x00007f973ac35740: <info> (thread::MultiServicePool.h@78) shutting down server::timesync service 1
2018-06-06 08:28:05.090915 0x00007f973ac35740: <info> (net::ServerConnector.cpp@107) closing all connections in ServerConnector
2018-06-06 08:28:05.090927 0x00007f973ac35740: <info> (thread::MultiServicePool.h@159) shutting down node_discovery (service group)
2018-06-06 08:28:05.090940 0x00007f973ac35740: <info> (thread::MultiServicePool.h@78) shutting down server::node_discovery service 1
2018-06-06 08:28:05.090956 0x00007f973ac35740: <info> (net::ServerConnector.cpp@107) closing all connections in ServerConnector
2018-06-06 08:28:05.090971 0x00007f973ac35740: <info> (thread::MultiServicePool.h@159) shutting down dispatcher service (service group)
2018-06-06 08:28:05.090981 0x00007f973ac35740: <info> (thread::MultiServicePool.h@78) shutting down server::dispatcher service service 2
2018-06-06 08:28:05.100246 0x00007f973ac35740: <info> (thread::MultiServicePool.h@78) shutting down server::dispatcher service service 1
2018-06-06 08:28:05.108957 0x00007f973ac35740: <info> (thread::MultiServicePool.h@159) shutting down validator (isolated pool)
2018-06-06 08:28:05.109010 0x00007f973ac35740: <debug> (thread::IoServiceThreadPool.cpp@112) validator IoServiceThreadPool waiting for 4 threadpool threads to exit
2018-06-06 08:28:05.109157 0x00007f973ac35740: <info> (thread::IoServiceThreadPool.cpp@114) validator IoServiceThreadPool all threadpool threads exited
2018-06-06 08:28:05.109187 0x00007f973ac35740: <info> (thread::MultiServicePool.h@159) shutting down api (service group)
2018-06-06 08:28:05.109202 0x00007f973ac35740: <info> (thread::MultiServicePool.h@78) shutting down server::api service 2
2018-06-06 08:28:05.109214 0x00007f973ac35740: <info> (net::AsyncTcpServer.cpp@110) AsyncTcpServer stopping
2018-06-06 08:28:05.109263 0x00007f97374fd700: <warning> (ionet::PacketSocket.cpp@351) async_accept returned an error: system:125
2018-06-06 08:28:05.109297 0x00007f973ac35740: <info> (net::AsyncTcpServer.cpp@116) AsyncTcpServer stopped
2018-06-06 08:28:05.109316 0x00007f973ac35740: <info> (thread::MultiServicePool.h@78) shutting down server::api service 1
2018-06-06 08:28:05.109327 0x00007f973ac35740: <info> (net::PacketWriters.cpp@408) closing all connections in PacketWriters
2018-06-06 08:28:05.109339 0x00007f973ac35740: <info> (net::ClientConnector.cpp@87) closing all connections in ClientConnector
2018-06-06 08:28:05.109349 0x00007f973ac35740: <info> (net::ServerConnector.cpp@107) closing all connections in ServerConnector
2018-06-06 08:28:05.109361 0x00007f973ac35740: <info> (thread::MultiServicePool.h@159) shutting down writers (service group)
2018-06-06 08:28:05.109373 0x00007f973ac35740: <info> (thread::MultiServicePool.h@78) shutting down server::writers service 1
2018-06-06 08:28:05.109385 0x00007f973ac35740: <info> (net::PacketWriters.cpp@408) closing all connections in PacketWriters
2018-06-06 08:28:05.109398 0x00007f973ac35740: <info> (net::ClientConnector.cpp@87) closing all connections in ClientConnector
2018-06-06 08:28:05.109410 0x00007f973ac35740: <info> (net::ServerConnector.cpp@107) closing all connections in ServerConnector
2018-06-06 08:28:05.112444 0x00007f973ac35740: <debug> (thread::IoServiceThreadPool.cpp@112) server IoServiceThreadPool waiting for 4 threadpool threads to exit
2018-06-06 08:28:05.112651 0x00007f973ac35740: <info> (thread::IoServiceThreadPool.cpp@114) server IoServiceThreadPool all threadpool threads exited
2018-06-06 08:28:05.112820 0x00007f973ac35740: <debug> (src::LocalNodeStateStorage.cpp@104) saving state with lock file /data/state/state.lock (exists = false, removed = false)
2018-06-06 08:28:05.113821 0x00007f973ac35740: <debug> (cache::SupplementalDataStorage.cpp@37) wrote last recalculation height 359 (score = [0, 6746051554312352], height = 513)
2018-06-06 08:28:05.113894 0x00007f973ac35740: <info> (utils::StackLogger.h@47) popping scope 'shutting down local node' (24ms)
2018-06-06 08:28:05.114014 0x00007f973ac35740: <info> (extensions::ServiceLocator.h@45) destroying 7 rooted services
2018-06-06 08:28:05.114035 0x00007f973ac35740: <debug> (extensions::ServiceLocator.h@50) 1: destroying rooted service timesync.state
2018-06-06 08:28:05.114050 0x00007f973ac35740: <debug> (extensions::ServiceLocator.h@50) 2: destroying rooted service timesync.synchronizer
2018-06-06 08:28:05.114063 0x00007f973ac35740: <debug> (extensions::ServiceLocator.h@50) 3: destroying rooted service unlockedAccounts
2018-06-06 08:28:05.114075 0x00007f973ac35740: <debug> (extensions::ServiceLocator.h@50) 4: destroying rooted service networkChainHeight
2018-06-06 08:28:05.114088 0x00007f973ac35740: <debug> (extensions::ServiceLocator.h@50) 5: destroying rooted service dispatcher.transaction.batch
2018-06-06 08:28:05.114100 0x00007f973ac35740: <debug> (extensions::ServiceLocator.h@50) 6: destroying rooted service rollbacks
2018-06-06 08:28:05.114114 0x00007f973ac35740: <debug> (extensions::ServiceLocator.h@50) 7: destroying rooted service dispatcher.utUpdater
2018-06-06 08:28:05.114208 0x00007f973ac35740: <debug> (plugins::PluginModule.cpp@85) unloading module 0x558b459feb20 (libextension.unbondedpruning.so)
2018-06-06 08:28:05.114294 0x00007f973ac35740: <debug> (plugins::PluginModule.cpp@85) unloading module 0x558b459fefe0 (libextension.sync.so)
2018-06-06 08:28:05.114315 0x00007f973ac35740: <debug> (plugins::PluginModule.cpp@85) unloading module 0x558b45a00400 (libextension.packetserver.so)
2018-06-06 08:28:05.114331 0x00007f973ac35740: <debug> (plugins::PluginModule.cpp@85) unloading module 0x558b45a00f90 (libextension.nodediscovery.so)
2018-06-06 08:28:05.114438 0x00007f973ac35740: <debug> (plugins::PluginModule.cpp@85) unloading module 0x558b45a01450 (libextension.diagnostics.so)
2018-06-06 08:28:05.114498 0x00007f973ac35740: <debug> (plugins::PluginModule.cpp@85) unloading module 0x558b45a01d30 (libextension.syncsource.so)
2018-06-06 08:28:05.114561 0x00007f973ac35740: <debug> (plugins::PluginModule.cpp@85) unloading module 0x558b45a02610 (libextension.eventsource.so)
2018-06-06 08:28:05.114692 0x00007f973ac35740: <debug> (plugins::PluginModule.cpp@85) unloading module 0x558b45a04120 (libextension.timesync.so)
2018-06-06 08:28:05.114781 0x00007f973ac35740: <debug> (plugins::PluginModule.cpp@85) unloading module 0x558b45a04a00 (libextension.networkheight.so)
2018-06-06 08:28:05.114870 0x00007f973ac35740: <debug> (plugins::PluginModule.cpp@85) unloading module 0x558b45a052e0 (libextension.harvesting.so)
2018-06-06 08:28:05.114965 0x00007f973ac35740: <debug> (plugins::PluginModule.cpp@85) unloading module 0x558b45a09e40 (libextension.hashcache.so)
2018-06-06 08:28:05.115013 0x00007f973ac35740: <debug> (plugins::PluginModule.cpp@85) unloading module 0x558b45a0a590 (libextension.transactionsink.so)
2018-06-06 08:28:05.115058 0x00007f973ac35740: <debug> (plugins::PluginModule.cpp@85) unloading module 0x558b45a0b100 (libextension.filechain.so)
2018-06-06 08:28:05.115110 0x00007f973ac35740: <debug> (plugins::PluginModule.cpp@85) unloading module 0x558b45a0c140 (libcatapult.plugins.signature.so)
2018-06-06 08:28:05.115150 0x00007f973ac35740: <debug> (plugins::PluginModule.cpp@85) unloading module 0x558b45a0ca30 (libcatapult.plugins.hashcache.so)
2018-06-06 08:28:05.115195 0x00007f973ac35740: <debug> (plugins::PluginModule.cpp@85) unloading module 0x558b45a0d780 (libcatapult.plugins.aggregate.so)
2018-06-06 08:28:05.115239 0x00007f973ac35740: <debug> (plugins::PluginModule.cpp@85) unloading module 0x558b45a0e0c0 (libcatapult.plugins.lock.so)
2018-06-06 08:28:05.115316 0x00007f973ac35740: <debug> (plugins::PluginModule.cpp@85) unloading module 0x558b45a0f110 (libcatapult.plugins.transfer.so)
2018-06-06 08:28:05.115359 0x00007f973ac35740: <debug> (plugins::PluginModule.cpp@85) unloading module 0x558b45a0fb10 (libcatapult.plugins.namespace.so)
2018-06-06 08:28:05.115415 0x00007f973ac35740: <debug> (plugins::PluginModule.cpp@85) unloading module 0x558b45a122b0 (libcatapult.plugins.multisig.so)
