2018-06-06 08:24:19.982822 0x00007f8e43c89740: <info> (server::ServerMain.cpp@61) booting local node with public key 3A0C3A4020A180A9262ED8C872C88AAA86A9C78748274133CCBE7B8225B35508
2018-06-06 08:24:19.983964 0x00007f8e43c89740: <info> (thread::IoServiceThreadPool.cpp@105) server IoServiceThreadPool spawned 4 workers
2018-06-06 08:24:19.986904 0x00007f8e43c89740: <info> (plugins::PluginModule.cpp@79) loading plugin from libextension.nodediscovery.so
2018-06-06 08:24:19.990228 0x00007f8e43c89740: <debug> (plugins::PluginModule.cpp@92) plugin libextension.nodediscovery.so loaded as 0x562ff64cd920
2018-06-06 08:24:19.990266 0x00007f8e43c89740: <info> (extensions::LocalNodeBootstrapper.cpp@102) registering dynamic extension extension.nodediscovery
2018-06-06 08:24:19.992066 0x00007f8e43c89740: <info> (plugins::PluginModule.cpp@79) loading plugin from libextension.timesync.so
2018-06-06 08:24:19.995391 0x00007f8e43c89740: <debug> (plugins::PluginModule.cpp@92) plugin libextension.timesync.so loaded as 0x562ff64ce530
2018-06-06 08:24:19.995436 0x00007f8e43c89740: <info> (extensions::LocalNodeBootstrapper.cpp@102) registering dynamic extension extension.timesync
2018-06-06 08:24:19.996363 0x00007f8e43c89740: <info> (plugins::PluginModule.cpp@79) loading plugin from libextension.networkheight.so
2018-06-06 08:24:19.997923 0x00007f8e43c89740: <debug> (plugins::PluginModule.cpp@92) plugin libextension.networkheight.so loaded as 0x562ff64cf160
2018-06-06 08:24:19.997974 0x00007f8e43c89740: <info> (extensions::LocalNodeBootstrapper.cpp@102) registering dynamic extension extension.networkheight
2018-06-06 08:24:19.997990 0x00007f8e43c89740: <info> (plugins::PluginModule.cpp@79) loading plugin from libextension.partialtransaction.so
2018-06-06 08:24:20.000889 0x00007f8e43c89740: <debug> (plugins::PluginModule.cpp@92) plugin libextension.partialtransaction.so loaded as 0x562ff64d04e0
2018-06-06 08:24:20.000933 0x00007f8e43c89740: <info> (extensions::LocalNodeBootstrapper.cpp@102) registering dynamic extension extension.partialtransaction
2018-06-06 08:24:20.003655 0x00007f8e43c89740: <info> (plugins::PluginModule.cpp@79) loading plugin from libextension.hashcache.so
2018-06-06 08:24:20.008092 0x00007f8e43c89740: <debug> (plugins::PluginModule.cpp@92) plugin libextension.hashcache.so loaded as 0x562ff64d1130
2018-06-06 08:24:20.008128 0x00007f8e43c89740: <info> (extensions::LocalNodeBootstrapper.cpp@102) registering dynamic extension extension.hashcache
2018-06-06 08:24:20.008357 0x00007f8e43c89740: <info> (plugins::PluginModule.cpp@79) loading plugin from libextension.packetserver.so
2018-06-06 08:24:20.009186 0x00007f8e43c89740: <debug> (plugins::PluginModule.cpp@92) plugin libextension.packetserver.so loaded as 0x562ff64d29f0
2018-06-06 08:24:20.009212 0x00007f8e43c89740: <info> (extensions::LocalNodeBootstrapper.cpp@102) registering dynamic extension extension.packetserver
2018-06-06 08:24:20.009227 0x00007f8e43c89740: <info> (plugins::PluginModule.cpp@79) loading plugin from libextension.sync.so
2018-06-06 08:24:20.010125 0x00007f8e43c89740: <debug> (plugins::PluginModule.cpp@92) plugin libextension.sync.so loaded as 0x562ff64d35f0
2018-06-06 08:24:20.010153 0x00007f8e43c89740: <info> (extensions::LocalNodeBootstrapper.cpp@102) registering dynamic extension extension.sync
2018-06-06 08:24:20.010372 0x00007f8e43c89740: <info> (plugins::PluginModule.cpp@79) loading plugin from libextension.unbondedpruning.so
2018-06-06 08:24:20.010976 0x00007f8e43c89740: <debug> (plugins::PluginModule.cpp@92) plugin libextension.unbondedpruning.so loaded as 0x562ff64dc2c0
2018-06-06 08:24:20.011009 0x00007f8e43c89740: <info> (extensions::LocalNodeBootstrapper.cpp@102) registering dynamic extension extension.unbondedpruning
2018-06-06 08:24:20.011027 0x00007f8e43c89740: <info> (plugins::PluginModule.cpp@79) loading plugin from libextension.mongo.so
2018-06-06 08:24:20.019716 0x00007f8e43c89740: <debug> (plugins::PluginModule.cpp@92) plugin libextension.mongo.so loaded as 0x562ff64d5a30
2018-06-06 08:24:20.019747 0x00007f8e43c89740: <info> (extensions::LocalNodeBootstrapper.cpp@102) registering dynamic extension extension.mongo
2018-06-06 08:24:20.022890 0x00007f8e43c89740: <info> (thread::IoServiceThreadPool.cpp@105) bulk writer IoServiceThreadPool spawned 4 workers
2018-06-06 08:24:20.025755 0x00007f8e43c89740: <info> (plugins::PluginModule.cpp@79) loading plugin from libcatapult.mongo.plugins.multisig.so
2018-06-06 08:24:20.026930 0x00007f8e43c89740: <debug> (plugins::PluginModule.cpp@92) plugin libcatapult.mongo.plugins.multisig.so loaded as 0x562ff64e5040
2018-06-06 08:24:20.026969 0x00007f8e43c89740: <info> (src::MongoPluginLoader.cpp@36) registering dynamic mongo plugin catapult.mongo.plugins.multisig
2018-06-06 08:24:20.027004 0x00007f8e43c89740: <info> (plugins::PluginModule.cpp@79) loading plugin from libcatapult.mongo.plugins.namespace.so
2018-06-06 08:24:20.028219 0x00007f8e43c89740: <debug> (plugins::PluginModule.cpp@92) plugin libcatapult.mongo.plugins.namespace.so loaded as 0x562ff64e7600
2018-06-06 08:24:20.028250 0x00007f8e43c89740: <info> (src::MongoPluginLoader.cpp@36) registering dynamic mongo plugin catapult.mongo.plugins.namespace
2018-06-06 08:24:20.028632 0x00007f8e43c89740: <info> (plugins::PluginModule.cpp@79) loading plugin from libcatapult.mongo.plugins.lock.so
2018-06-06 08:24:20.029825 0x00007f8e43c89740: <debug> (plugins::PluginModule.cpp@92) plugin libcatapult.mongo.plugins.lock.so loaded as 0x562ff64eb800
2018-06-06 08:24:20.029850 0x00007f8e43c89740: <info> (src::MongoPluginLoader.cpp@36) registering dynamic mongo plugin catapult.mongo.plugins.lock
2018-06-06 08:24:20.030140 0x00007f8e43c89740: <info> (plugins::PluginModule.cpp@79) loading plugin from libcatapult.mongo.plugins.transfer.so
2018-06-06 08:24:20.031142 0x00007f8e43c89740: <debug> (plugins::PluginModule.cpp@92) plugin libcatapult.mongo.plugins.transfer.so loaded as 0x562ff64ef970
2018-06-06 08:24:20.031188 0x00007f8e43c89740: <info> (src::MongoPluginLoader.cpp@36) registering dynamic mongo plugin catapult.mongo.plugins.transfer
2018-06-06 08:24:20.031208 0x00007f8e43c89740: <info> (plugins::PluginModule.cpp@79) loading plugin from libcatapult.mongo.plugins.aggregate.so
2018-06-06 08:24:20.032678 0x00007f8e43c89740: <debug> (plugins::PluginModule.cpp@92) plugin libcatapult.mongo.plugins.aggregate.so loaded as 0x562ff64f0200
2018-06-06 08:24:20.032716 0x00007f8e43c89740: <info> (src::MongoPluginLoader.cpp@36) registering dynamic mongo plugin catapult.mongo.plugins.aggregate
2018-06-06 08:24:20.032772 0x00007f8e43c89740: <debug> (src::ExternalCacheStorageBuilder.h@49) creating ExternalCacheStorage with 7 storages
2018-06-06 08:24:20.035878 0x00007f8e43c89740: <info> (plugins::PluginModule.cpp@79) loading plugin from libextension.filechain.so
2018-06-06 08:24:20.036572 0x00007f8e43c89740: <debug> (plugins::PluginModule.cpp@92) plugin libextension.filechain.so loaded as 0x562ff64fdcf0
2018-06-06 08:24:20.036597 0x00007f8e43c89740: <info> (extensions::LocalNodeBootstrapper.cpp@102) registering dynamic extension extension.filechain
2018-06-06 08:24:20.036607 0x00007f8e43c89740: <info> (plugins::PluginModule.cpp@79) loading plugin from libextension.transactionsink.so
2018-06-06 08:24:20.037124 0x00007f8e43c89740: <debug> (plugins::PluginModule.cpp@92) plugin libextension.transactionsink.so loaded as 0x562ff64fe5d0
2018-06-06 08:24:20.037153 0x00007f8e43c89740: <info> (extensions::LocalNodeBootstrapper.cpp@102) registering dynamic extension extension.transactionsink
2018-06-06 08:24:20.037172 0x00007f8e43c89740: <info> (plugins::PluginModule.cpp@79) loading plugin from libextension.zeromq.so
2018-06-06 08:24:20.041632 0x00007f8e43c89740: <debug> (plugins::PluginModule.cpp@92) plugin libextension.zeromq.so loaded as 0x562ff64feec0
2018-06-06 08:24:20.041662 0x00007f8e43c89740: <info> (extensions::LocalNodeBootstrapper.cpp@102) registering dynamic extension extension.zeromq
2018-06-06 08:24:20.043726 0x00007f8e43c89740: <info> (thread::IoServiceThreadPool.cpp@105) ZeroMqEntityPublisher IoServiceThreadPool spawned 1 workers
2018-06-06 08:24:20.043998 0x00007f8e43c89740: <info> (plugins::PluginModule.cpp@79) loading plugin from libextension.diagnostics.so
2018-06-06 08:24:20.044624 0x00007f8e43c89740: <debug> (plugins::PluginModule.cpp@92) plugin libextension.diagnostics.so loaded as 0x562ff6506e80
2018-06-06 08:24:20.044647 0x00007f8e43c89740: <info> (extensions::LocalNodeBootstrapper.cpp@102) registering dynamic extension extension.diagnostics
2018-06-06 08:24:20.044657 0x00007f8e43c89740: <info> (plugins::PluginModule.cpp@79) loading plugin from libextension.addressextraction.so
2018-06-06 08:24:20.046018 0x00007f8e43c89740: <debug> (plugins::PluginModule.cpp@92) plugin libextension.addressextraction.so loaded as 0x562ff6507ce0
2018-06-06 08:24:20.046061 0x00007f8e43c89740: <info> (extensions::LocalNodeBootstrapper.cpp@102) registering dynamic extension extension.addressextraction
2018-06-06 08:24:20.046474 0x00007f8e43c89740: <info> (local::BasicLocalNode.cpp@64) registering system plugins
2018-06-06 08:24:20.046522 0x00007f8e43c89740: <info> (plugins::PluginModule.cpp@79) loading plugin from libcatapult.plugins.signature.so
2018-06-06 08:24:20.047051 0x00007f8e43c89740: <debug> (plugins::PluginModule.cpp@92) plugin libcatapult.plugins.signature.so loaded as 0x562ff6509710
2018-06-06 08:24:20.047077 0x00007f8e43c89740: <info> (plugins::PluginLoader.cpp@50) registering dynamic plugin catapult.plugins.signature
2018-06-06 08:24:20.047092 0x00007f8e43c89740: <info> (plugins::PluginModule.cpp@79) loading plugin from libcatapult.plugins.hashcache.so
2018-06-06 08:24:20.047343 0x00007f8e43c89740: <debug> (plugins::PluginModule.cpp@92) plugin libcatapult.plugins.hashcache.so loaded as 0x562ff6509f50
2018-06-06 08:24:20.047360 0x00007f8e43c89740: <info> (plugins::PluginLoader.cpp@50) registering dynamic plugin catapult.plugins.hashcache
2018-06-06 08:24:20.047383 0x00007f8e43c89740: <info> (plugins::PluginModule.cpp@79) loading plugin from libcatapult.plugins.aggregate.so
2018-06-06 08:24:20.047585 0x00007f8e43c89740: <debug> (plugins::PluginModule.cpp@92) plugin libcatapult.plugins.aggregate.so loaded as 0x562ff650abd0
2018-06-06 08:24:20.047600 0x00007f8e43c89740: <info> (plugins::PluginLoader.cpp@50) registering dynamic plugin catapult.plugins.aggregate
2018-06-06 08:24:20.047628 0x00007f8e43c89740: <info> (plugins::PluginModule.cpp@79) loading plugin from libcatapult.plugins.lock.so
2018-06-06 08:24:20.048038 0x00007f8e43c89740: <debug> (plugins::PluginModule.cpp@92) plugin libcatapult.plugins.lock.so loaded as 0x562ff650b460
2018-06-06 08:24:20.048075 0x00007f8e43c89740: <info> (plugins::PluginLoader.cpp@50) registering dynamic plugin catapult.plugins.lock
2018-06-06 08:24:20.048159 0x00007f8e43c89740: <info> (plugins::PluginModule.cpp@79) loading plugin from libcatapult.plugins.transfer.so
2018-06-06 08:24:20.048441 0x00007f8e43c89740: <debug> (plugins::PluginModule.cpp@92) plugin libcatapult.plugins.transfer.so loaded as 0x562ff650c370
2018-06-06 08:24:20.048454 0x00007f8e43c89740: <info> (plugins::PluginLoader.cpp@50) registering dynamic plugin catapult.plugins.transfer
2018-06-06 08:24:20.048478 0x00007f8e43c89740: <info> (plugins::PluginModule.cpp@79) loading plugin from libcatapult.plugins.namespace.so
2018-06-06 08:24:20.048922 0x00007f8e43c89740: <debug> (plugins::PluginModule.cpp@92) plugin libcatapult.plugins.namespace.so loaded as 0x562ff650cb50
2018-06-06 08:24:20.048942 0x00007f8e43c89740: <info> (plugins::PluginLoader.cpp@50) registering dynamic plugin catapult.plugins.namespace
2018-06-06 08:24:20.049018 0x00007f8e43c89740: <info> (plugins::PluginModule.cpp@79) loading plugin from libcatapult.plugins.multisig.so
2018-06-06 08:24:20.049274 0x00007f8e43c89740: <debug> (plugins::PluginModule.cpp@92) plugin libcatapult.plugins.multisig.so loaded as 0x562ff650f520
2018-06-06 08:24:20.049288 0x00007f8e43c89740: <info> (plugins::PluginLoader.cpp@50) registering dynamic plugin catapult.plugins.multisig
2018-06-06 08:24:20.049318 0x00007f8e43c89740: <debug> (local::BasicLocalNode.cpp@67) initializing cache
2018-06-06 08:24:20.049326 0x00007f8e43c89740: <debug> (cache::CatapultCacheBuilder.h@44) creating CatapultCache with 8 subcaches
2018-06-06 08:24:20.049333 0x00007f8e43c89740: <debug> (local::BasicLocalNode.cpp@70) registering counters
2018-06-06 08:24:20.049353 0x00007f8e43c89740: <info> (utils::StackLogger.h@37) pushing scope 'booting local node'
2018-06-06 08:24:20.050186 0x00007f8e43c89740: <info> (src::MongoBlockStorageUtils.cpp@33) initializing storage with nemesis data
2018-06-06 08:24:20.087873 0x00007f8e43c89740: <debug> (utils::StackLogger.h@37) pushing scope 'PosImportanceCalculator::recalculate'
2018-06-06 08:24:20.087926 0x00007f8e43c89740: <debug> (observers::PosImportanceCalculator.cpp@65) recalculated importances (22 / 25 eligible)
2018-06-06 08:24:20.087942 0x00007f8e43c89740: <debug> (utils::StackLogger.h@47) popping scope 'PosImportanceCalculator::recalculate' (0ms)
2018-06-06 08:24:20.096918 0x00007f8e43c89740: <info> (extensions::NemesisBlockLoader.cpp@41) 
     nemesis network id: Mijin_Test
     nemesis public key: ACD41FBF3F953698FBEE09488C48223A190B2CDADB9317E9D18B4A15C8D45D28
nemesis generation hash: 76568644A8AB5D0CEFF15476C94A00718F9E29134F2FEA472978148F25EDF7FE
2018-06-06 08:24:20.096976 0x00007f8e43c89740: <info> (extensions::NemesisBlockLoader.cpp@82) nemesis block seeded with D525AD41D95FCF29: 8999999998000000
2018-06-06 08:24:20.096985 0x00007f8e43c89740: <info> (extensions::NemesisBlockLoader.cpp@82) nemesis block seeded with 376061523E2C3918: 8999999998000000
2018-06-06 08:24:20.096992 0x00007f8e43c89740: <info> (extensions::NemesisBlockLoader.cpp@82) nemesis block seeded with 3DB9F7DD980AFEBB: 8999999998000000
2018-06-06 08:24:20.097126 0x00007f8e43c89740: <debug> (utils::StackLogger.h@37) pushing scope 'PosImportanceCalculator::recalculate'
2018-06-06 08:24:20.097151 0x00007f8e43c89740: <debug> (observers::PosImportanceCalculator.cpp@65) recalculated importances (22 / 25 eligible)
2018-06-06 08:24:20.097161 0x00007f8e43c89740: <debug> (utils::StackLogger.h@47) popping scope 'PosImportanceCalculator::recalculate' (0ms)
2018-06-06 08:24:20.097204 0x00007f8e43c89740: <warning> (utils::StackLogger.h@37) pushing scope 'load block chain'
2018-06-06 08:24:20.097255 0x00007f8e43c89740: <warning> (utils::StackLogger.h@47) popping scope 'load block chain' (0ms)
2018-06-06 08:24:20.097276 0x00007f8e43c89740: <info> (src::FileBlockChainStorage.cpp@37) loaded block chain from block storage (height = 1, score = 0)
2018-06-06 08:24:20.097286 0x00007f8e43c89740: <debug> (local::BasicLocalNode.cpp@77) booting extension services
2018-06-06 08:24:20.097349 0x00007f8e43c89740: <debug> (extensions::ExtensionManager.cpp@88) registering Rooted - mongo.services services
2018-06-06 08:24:20.097361 0x00007f8e43c89740: <debug> (extensions::ExtensionManager.cpp@88) registering Diagnostics services
2018-06-06 08:24:20.097535 0x00007f8e43c89740: <debug> (extensions::ExtensionManager.cpp@88) registering Rooted - zeromq.publisher services
2018-06-06 08:24:20.097575 0x00007f8e43c89740: <debug> (extensions::ExtensionManager.cpp@88) registering PtBootstrapper services
2018-06-06 08:24:20.098179 0x00007f8e43c89740: <debug> (extensions::ExtensionManager.cpp@88) registering NetworkPacketWriters services
2018-06-06 08:24:20.098221 0x00007f8e43c89740: <debug> (thread::MultiServicePool.h@82) registered server::writers service 1
2018-06-06 08:24:20.098238 0x00007f8e43c89740: <debug> (extensions::ExtensionManager.cpp@88) registering HashCache services
2018-06-06 08:24:20.098250 0x00007f8e43c89740: <debug> (extensions::ExtensionManager.cpp@88) registering UnbondedPruning services
2018-06-06 08:24:20.098273 0x00007f8e43c89740: <debug> (extensions::ExtensionManager.cpp@88) registering Dispatcher services
2018-06-06 08:24:20.098590 0x00007f8e43c89740: <info> (thread::IoServiceThreadPool.cpp@105) validator IoServiceThreadPool spawned 4 workers
2018-06-06 08:24:20.098874 0x00007f8e43c89740: <debug> (src::DispatcherService.cpp@91) enabling auditing to "/data/audit/block dispatcher/68804660098"
2018-06-06 08:24:20.100035 0x00007f8e43c89740: <info> (disruptor::ConsumerDispatcher.cpp@95) block dispatcher ConsumerDispatcher spawned 8 workers
2018-06-06 08:24:20.100091 0x00007f8e43c89740: <debug> (thread::MultiServicePool.h@82) registered server::dispatcher service service 1
2018-06-06 08:24:20.100224 0x00007f8e43c89740: <debug> (src::DispatcherService.cpp@91) enabling auditing to "/data/audit/transaction dispatcher/68804660100"
2018-06-06 08:24:20.103827 0x00007f8e43c89740: <info> (disruptor::ConsumerDispatcher.cpp@95) transaction dispatcher ConsumerDispatcher spawned 6 workers
2018-06-06 08:24:20.103882 0x00007f8e43c89740: <debug> (thread::MultiServicePool.h@82) registered server::dispatcher service service 2
2018-06-06 08:24:20.103903 0x00007f8e43c89740: <debug> (extensions::ExtensionManager.cpp@88) registering NetworkHeight services
2018-06-06 08:24:20.103931 0x00007f8e43c89740: <debug> (extensions::ExtensionManager.cpp@88) registering Sync services
2018-06-06 08:24:20.103960 0x00007f8e43c89740: <debug> (extensions::ExtensionManager.cpp@88) registering PtDispatcher services
2018-06-06 08:24:20.104722 0x00007f8e43c89740: <info> (thread::IoServiceThreadPool.cpp@105) ptUpdater IoServiceThreadPool spawned 4 workers
2018-06-06 08:24:20.108332 0x00007f8e43c89740: <info> (disruptor::ConsumerDispatcher.cpp@95) partial transaction dispatcher ConsumerDispatcher spawned 4 workers
2018-06-06 08:24:20.108438 0x00007f8e43c89740: <debug> (thread::MultiServicePool.h@82) registered server::partial dispatcher service 1
2018-06-06 08:24:20.108456 0x00007f8e43c89740: <debug> (extensions::ExtensionManager.cpp@88) registering TransactionSink services
2018-06-06 08:24:20.108484 0x00007f8e43c89740: <debug> (extensions::ExtensionManager.cpp@88) registering Pt services
2018-06-06 08:24:20.108779 0x00007f8e43c89740: <debug> (thread::MultiServicePool.h@82) registered server::partial service 1
2018-06-06 08:24:20.108805 0x00007f8e43c89740: <debug> (extensions::ExtensionManager.cpp@88) registering PtSyncSource services
2018-06-06 08:24:20.109016 0x00007f8e43c89740: <debug> (extensions::ExtensionManager.cpp@88) registering NodeDiscovery services
2018-06-06 08:24:20.109116 0x00007f8e43c89740: <debug> (thread::MultiServicePool.h@82) registered server::node_discovery service 1
2018-06-06 08:24:20.109152 0x00007f8e43c89740: <debug> (extensions::ExtensionManager.cpp@88) registering TimeSynchronization services
2018-06-06 08:24:20.109187 0x00007f8e43c89740: <debug> (thread::MultiServicePool.h@82) registered server::timesync service 1
2018-06-06 08:24:20.109216 0x00007f8e43c89740: <debug> (extensions::ExtensionManager.cpp@88) registering NetworkPacketReaders services
2018-06-06 08:24:20.109313 0x00007f8e43c89740: <debug> (thread::MultiServicePool.h@82) registered server::readers service 1
2018-06-06 08:24:20.109398 0x00007f8e43c89740: <info> (net::AsyncTcpServer.cpp@74) AsyncTcpServer created around 0.0.0.0:7900
2018-06-06 08:24:20.109451 0x00007f8e43c89740: <info> (net::AsyncTcpServer.cpp@101) AsyncTcpServer spawned 1 pending accepts
2018-06-06 08:24:20.109465 0x00007f8e43c89740: <debug> (thread::MultiServicePool.h@82) registered server::readers service 2
2018-06-06 08:24:20.109481 0x00007f8e43c89740: <debug> (extensions::ExtensionManager.cpp@88) registering Scheduler services
2018-06-06 08:24:20.109499 0x00007f8e43c89740: <debug> (thread::MultiServicePool.h@82) registered server::scheduler service 1
2018-06-06 08:24:20.109535 0x00007f8e43c89740: <debug> (thread::Scheduler.cpp@47) task 'logging task' is scheduled in 00:01:00
2018-06-06 08:24:20.109641 0x00007f8e43c89740: <debug> (thread::Scheduler.cpp@47) task 'batch transaction task' is scheduled in 00:00:00.500
2018-06-06 08:24:20.110593 0x00007f8e43c89740: <debug> (thread::Scheduler.cpp@47) task 'network chain height detection' is scheduled in 00:00:01
2018-06-06 08:24:20.110620 0x00007f8e43c89740: <debug> (thread::Scheduler.cpp@47) task 'connect peers task for service Sync' is scheduled in 00:00:00.010
2018-06-06 08:24:20.110639 0x00007f8e43c89740: <debug> (thread::Scheduler.cpp@47) task 'synchronizer task' is scheduled in 00:00:03
2018-06-06 08:24:20.110658 0x00007f8e43c89740: <debug> (thread::Scheduler.cpp@47) task 'pull unconfirmed transactions task' is scheduled in 00:00:04
2018-06-06 08:24:20.110674 0x00007f8e43c89740: <debug> (thread::Scheduler.cpp@47) task 'batch partial transaction task' is scheduled in 00:00:00.500
2018-06-06 08:24:20.110690 0x00007f8e43c89740: <debug> (thread::Scheduler.cpp@47) task 'connect peers task for service Pt' is scheduled in 00:00:00.010
2018-06-06 08:24:20.110707 0x00007f8e43c89740: <debug> (thread::Scheduler.cpp@47) task 'pull partial transactions task' is scheduled in 00:00:10
2018-06-06 08:24:20.110723 0x00007f8e43c89740: <debug> (thread::Scheduler.cpp@47) task 'node discovery ping task' is scheduled in 00:02:00
2018-06-06 08:24:20.110740 0x00007f8e43c89740: <debug> (thread::Scheduler.cpp@47) task 'node discovery peers task' is scheduled in 00:01:00
2018-06-06 08:24:20.110756 0x00007f8e43c89740: <debug> (thread::Scheduler.cpp@47) task 'time synchronization task' is scheduled in 00:01:00
2018-06-06 08:24:20.110771 0x00007f8e43c89740: <debug> (thread::Scheduler.cpp@47) task 'age peers task for service Readers' is scheduled in 00:01:00
2018-06-06 08:24:20.110820 0x00007f8e43c89740: <info> (utils::StackLogger.h@47) popping scope 'booting local node' (61ms)
2018-06-06 08:24:20.110880 0x00007f8e43c89740: <info> (server::Signals.cpp@44) waiting for termination signal
2018-06-06 08:24:20.120738 0x00007f8e3fd50700: <debug> (extensions::PeersConnectionTasks.cpp@76) no add candidates for service 1346458196
2018-06-06 08:24:20.122708 0x00007f8e41553700: <info> (ionet::PacketSocket.cpp@448) connected to peer-node-0 [172.19.0.7:7900]
2018-06-06 08:24:20.123090 0x00007f8e41553700: <debug> (net::Challenge.cpp@47) preparing challenge response
2018-06-06 08:24:20.138511 0x00007f8e40551700: <info> (ionet::PacketSocket.cpp@448) connected to 47.75.16.212 [47.75.16.212:7900]
2018-06-06 08:24:20.163069 0x00007f8e40551700: <debug> (net::Challenge.cpp@55) verify signature result: true
2018-06-06 08:24:20.163107 0x00007f8e40551700: <debug> (net::VerifyPeer.cpp@188) VerifyServer completed with Success
2018-06-06 08:24:20.163140 0x00007f8e40551700: <info> (extensions::PeersConnectionTasks.cpp@97) connection attempt to BJ @ peer-node-0 completed with Accepted
2018-06-06 08:24:20.172206 0x00007f8e40d52700: <debug> (net::Challenge.cpp@47) preparing challenge response
2018-06-06 08:24:20.207200 0x00007f8e41553700: <debug> (net::Challenge.cpp@55) verify signature result: true
2018-06-06 08:24:20.207240 0x00007f8e41553700: <debug> (net::VerifyPeer.cpp@188) VerifyServer completed with Success
2018-06-06 08:24:20.207281 0x00007f8e41553700: <info> (extensions::PeersConnectionTasks.cpp@97) connection attempt to HK @ 47.75.16.212 completed with Accepted
2018-06-06 08:24:21.111111 0x00007f8e40551700: <warning> (net::PacketWriters.cpp@303) [1 log count] no packet io available for checkout
2018-06-06 08:24:21.111830 0x00007f8e40551700: <info> (ionet::PacketSocket.cpp@51) eof reading from socket: End of file
2018-06-06 08:24:21.111941 0x00007f8e40551700: <warning> (net::PacketWriters.cpp@242) calling error handler due to read error
2018-06-06 08:24:21.111996 0x00007f8e40551700: <warning> (net::PacketWriters.cpp@310) error handler triggered for HK @ 47.75.16.212
2018-06-06 08:24:21.112045 0x00007f8e40551700: <error> (api::RemoteRequestDispatcher.h@49) read from remote node failed for chain info request
2018-06-06 08:24:21.113111 0x00007f8e40551700: <debug> (src::NetworkHeightService.cpp@45) network chain height increased from 0 to 1
2018-06-06 08:24:26.113147 0x00007f8e40551700: <debug> (chain::CompareChains.cpp@95) comparing chain scores: 0 (local) vs 5203675835423380 (remote)
2018-06-06 08:24:26.152170 0x00007f8e41553700: <debug> (chain::ChainSynchronizer.cpp@290) pulling blocks from remote with common height 1 (fork depth = 0)
2018-06-06 08:24:26.230495 0x00007f8e40551700: <info> (chain::ChainSynchronizer.cpp@203) peer returned 360 blocks (heights 2 - 361)
2018-06-06 08:24:26.230559 0x00007f8e40551700: <debug> (disruptor::Disruptor.cpp@42) disruptor queuing element 1 (360 blocks (heights 2 - 361) [1A000000] from Remote_Pull)
2018-06-06 08:24:26.230589 0x00007f8e40551700: <info> (chain::RemoteApiForwarder.h@65) completed 'synchronizer task' (BJ @ peer-node-0) with result Success
2018-06-06 08:24:26.278414 0x00007f8dfaffd700: <debug> (utils::StackLogger.h@37) pushing scope 'PosImportanceCalculator::recalculate'
2018-06-06 08:24:26.278524 0x00007f8dfaffd700: <debug> (observers::PosImportanceCalculator.cpp@65) recalculated importances (22 / 25 eligible)
2018-06-06 08:24:26.278558 0x00007f8dfaffd700: <debug> (utils::StackLogger.h@47) popping scope 'PosImportanceCalculator::recalculate' (0ms)
2018-06-06 08:24:26.484900 0x00007f8dfa7fc700: <info> (disruptor::ConsumerDispatcher.cpp@44) completing processing of element 1 (360 blocks (heights 2 - 361) [F5FDCC90] from Remote_Pull), last consumer is 0 elements behind
2018-06-06 08:24:29.231691 0x00007f8e40d52700: <debug> (chain::CompareChains.cpp@95) comparing chain scores: 5203675835423380 (local) vs 6596051554312582 (remote)
2018-06-06 08:24:29.272064 0x00007f8e40d52700: <debug> (chain::ChainSynchronizer.cpp@290) pulling blocks from remote with common height 361 (fork depth = 0)
2018-06-06 08:24:29.330493 0x00007f8e3fd50700: <info> (chain::ChainSynchronizer.cpp@203) peer returned 137 blocks (heights 362 - 498)
2018-06-06 08:24:29.330603 0x00007f8e3fd50700: <debug> (disruptor::Disruptor.cpp@42) disruptor queuing element 2 (137 blocks (heights 362 - 498) [1A000000] from Remote_Pull)
2018-06-06 08:24:29.330646 0x00007f8e3fd50700: <info> (chain::RemoteApiForwarder.h@65) completed 'synchronizer task' (BJ @ peer-node-0) with result Success
2018-06-06 08:24:29.536497 0x00007f8dfaffd700: <debug> (chain::UtUpdater.cpp@79) confirmed 446 transactions, reverted 0 transactions
2018-06-06 08:24:29.540495 0x00007f8dfa7fc700: <info> (disruptor::ConsumerDispatcher.cpp@44) completing processing of element 2 (137 blocks (heights 362 - 498) [D271BCC6] from Remote_Pull), last consumer is 0 elements behind
2018-06-06 08:24:30.110928 0x00007f8e41553700: <warning> (net::PacketWriters.cpp@303) [1 log count] no packet io available for checkout
2018-06-06 08:24:30.111055 0x00007f8e41553700: <warning> (chain::RemoteApiForwarder.h@54) [1 log count] no packet io available for operation 'pull partial transactions task'
2018-06-06 08:24:32.331731 0x00007f8e40551700: <debug> (chain::CompareChains.cpp@95) comparing chain scores: 6596051554312582 (local) vs 6606051554312565 (remote)
2018-06-06 08:24:32.371846 0x00007f8e41553700: <debug> (chain::ChainSynchronizer.cpp@290) pulling blocks from remote with common height 498 (fork depth = 0)
2018-06-06 08:24:32.411194 0x00007f8e3fd50700: <info> (chain::ChainSynchronizer.cpp@203) peer returned 1 blocks (heights 499 - 499)
2018-06-06 08:24:32.411266 0x00007f8e3fd50700: <debug> (disruptor::Disruptor.cpp@42) disruptor queuing element 3 (1 blocks (heights 499 - 499) [1A000000] from Remote_Pull)
2018-06-06 08:24:32.411312 0x00007f8e3fd50700: <info> (chain::RemoteApiForwarder.h@65) completed 'synchronizer task' (BJ @ peer-node-0) with result Success
2018-06-06 08:24:32.461480 0x00007f8dfaffd700: <debug> (chain::UtUpdater.cpp@79) confirmed 17 transactions, reverted 0 transactions
2018-06-06 08:24:32.461821 0x00007f8dfa7fc700: <info> (disruptor::ConsumerDispatcher.cpp@44) completing processing of element 3 (1 blocks (heights 499 - 499) [878E4779] from Remote_Pull), last consumer is 0 elements behind
2018-06-06 08:24:33.115321 0x00007f8e41553700: <debug> (chain::EntitiesSynchronizer.h@51) peer returned 1 unconfirmed transactions
2018-06-06 08:24:33.115466 0x00007f8e41553700: <info> (chain::RemoteApiForwarder.h@65) completed 'pull unconfirmed transactions task' (BJ @ peer-node-0) with result Success
2018-06-06 08:24:35.412217 0x00007f8e3fd50700: <debug> (chain::CompareChains.cpp@95) comparing chain scores: 6606051554312565 (local) vs 6616051554312561 (remote)
2018-06-06 08:24:35.456208 0x00007f8e41553700: <debug> (chain::ChainSynchronizer.cpp@290) pulling blocks from remote with common height 499 (fork depth = 0)
2018-06-06 08:24:35.535136 0x00007f8e41553700: <info> (chain::ChainSynchronizer.cpp@203) peer returned 1 blocks (heights 500 - 500)
2018-06-06 08:24:35.535269 0x00007f8e41553700: <debug> (disruptor::Disruptor.cpp@42) disruptor queuing element 4 (1 blocks (heights 500 - 500) [1A000000] from Remote_Pull)
2018-06-06 08:24:35.535382 0x00007f8e41553700: <info> (chain::RemoteApiForwarder.h@65) completed 'synchronizer task' (BJ @ peer-node-0) with result Success
2018-06-06 08:24:35.576072 0x00007f8dfaffd700: <debug> (chain::UtUpdater.cpp@79) confirmed 3 transactions, reverted 0 transactions
2018-06-06 08:24:35.576290 0x00007f8dfaffd700: <debug> (cache::MemoryUtCache.cpp@173) removing 1 elements from ut cache
2018-06-06 08:24:35.584024 0x00007f8dfa7fc700: <info> (disruptor::ConsumerDispatcher.cpp@44) completing processing of element 4 (1 blocks (heights 500 - 500) [3E19892D] from Remote_Pull), last consumer is 0 elements behind
2018-06-06 08:24:36.114142 0x00007f8e40d52700: <debug> (src::NetworkHeightService.cpp@45) network chain height increased from 1 to 500
2018-06-06 08:24:36.155169 0x00007f8e41553700: <debug> (chain::EntitiesSynchronizer.h@51) peer returned 1 unconfirmed transactions
2018-06-06 08:24:36.155334 0x00007f8e41553700: <info> (chain::RemoteApiForwarder.h@65) completed 'pull unconfirmed transactions task' (BJ @ peer-node-0) with result Success
2018-06-06 08:24:39.196031 0x00007f8e41553700: <debug> (chain::EntitiesSynchronizer.h@51) peer returned 3 unconfirmed transactions
2018-06-06 08:24:39.196168 0x00007f8e41553700: <info> (chain::RemoteApiForwarder.h@65) completed 'pull unconfirmed transactions task' (BJ @ peer-node-0) with result Success
2018-06-06 08:24:42.235588 0x00007f8e40551700: <debug> (chain::EntitiesSynchronizer.h@51) peer returned 3 unconfirmed transactions
2018-06-06 08:24:42.235756 0x00007f8e40551700: <info> (chain::RemoteApiForwarder.h@65) completed 'pull unconfirmed transactions task' (BJ @ peer-node-0) with result Success
2018-06-06 08:24:45.275687 0x00007f8e40551700: <debug> (chain::EntitiesSynchronizer.h@51) peer returned 3 unconfirmed transactions
2018-06-06 08:24:45.275864 0x00007f8e40551700: <info> (chain::RemoteApiForwarder.h@65) completed 'pull unconfirmed transactions task' (BJ @ peer-node-0) with result Success
2018-06-06 08:24:48.315539 0x00007f8e3fd50700: <debug> (chain::EntitiesSynchronizer.h@51) peer returned 3 unconfirmed transactions
2018-06-06 08:24:48.315672 0x00007f8e3fd50700: <info> (chain::RemoteApiForwarder.h@65) completed 'pull unconfirmed transactions task' (BJ @ peer-node-0) with result Success
2018-06-06 08:24:50.540643 0x00007f8e3fd50700: <debug> (chain::CompareChains.cpp@95) comparing chain scores: 6616051554312561 (local) vs 6626051554312546 (remote)
2018-06-06 08:24:50.580071 0x00007f8e3fd50700: <debug> (chain::ChainSynchronizer.cpp@290) pulling blocks from remote with common height 500 (fork depth = 0)
2018-06-06 08:24:50.619784 0x00007f8e41553700: <info> (chain::ChainSynchronizer.cpp@203) peer returned 1 blocks (heights 501 - 501)
2018-06-06 08:24:50.619937 0x00007f8e41553700: <debug> (disruptor::Disruptor.cpp@42) disruptor queuing element 5 (1 blocks (heights 501 - 501) [1A000000] from Remote_Pull)
2018-06-06 08:24:50.620006 0x00007f8e41553700: <info> (chain::RemoteApiForwarder.h@65) completed 'synchronizer task' (BJ @ peer-node-0) with result Success
2018-06-06 08:24:50.653142 0x00007f8dfaffd700: <debug> (chain::UtUpdater.cpp@79) confirmed 14 transactions, reverted 0 transactions
2018-06-06 08:24:50.653354 0x00007f8dfaffd700: <debug> (cache::MemoryUtCache.cpp@173) removing 13 elements from ut cache
2018-06-06 08:24:50.659803 0x00007f8dfa7fc700: <info> (disruptor::ConsumerDispatcher.cpp@44) completing processing of element 5 (1 blocks (heights 501 - 501) [F5101D53] from Remote_Pull), last consumer is 0 elements behind
2018-06-06 08:24:51.115315 0x00007f8e40d52700: <debug> (src::NetworkHeightService.cpp@45) network chain height increased from 500 to 501
2018-06-06 08:24:51.317243 0x00007f8e40551700: <debug> (chain::EntitiesSynchronizer.h@51) peer returned 2 unconfirmed transactions
2018-06-06 08:24:51.317391 0x00007f8e40551700: <info> (chain::RemoteApiForwarder.h@65) completed 'pull unconfirmed transactions task' (BJ @ peer-node-0) with result Success
2018-06-06 08:24:54.355560 0x00007f8e40551700: <debug> (chain::EntitiesSynchronizer.h@51) peer returned 2 unconfirmed transactions
2018-06-06 08:24:54.355689 0x00007f8e40551700: <info> (chain::RemoteApiForwarder.h@65) completed 'pull unconfirmed transactions task' (BJ @ peer-node-0) with result Success
2018-06-06 08:24:57.395723 0x00007f8e3fd50700: <debug> (chain::EntitiesSynchronizer.h@51) peer returned 3 unconfirmed transactions
2018-06-06 08:24:57.395842 0x00007f8e3fd50700: <info> (chain::RemoteApiForwarder.h@65) completed 'pull unconfirmed transactions task' (BJ @ peer-node-0) with result Success
2018-06-06 08:24:58.588551 0x00007f8e43c89740: <info> (server::Signals.cpp@50) termination signal 2 received
2018-06-06 08:24:58.588643 0x00007f8e43c89740: <info> (server::ServerMain.cpp@65) shutting down local node
2018-06-06 08:24:58.588668 0x00007f8e43c89740: <info> (utils::StackLogger.h@37) pushing scope 'shutting down local node'
2018-06-06 08:24:58.588694 0x00007f8e43c89740: <info> (thread::MultiServicePool.h@159) shutting down scheduler (service group)
2018-06-06 08:24:58.588714 0x00007f8e43c89740: <info> (thread::MultiServicePool.h@78) shutting down server::scheduler service 1
2018-06-06 08:24:58.588771 0x00007f8e43c89740: <info> (thread::Scheduler.cpp@200) Scheduler stopped
2018-06-06 08:24:58.588901 0x00007f8e43c89740: <info> (thread::MultiServicePool.h@159) shutting down readers (service group)
2018-06-06 08:24:58.588928 0x00007f8e43c89740: <info> (thread::MultiServicePool.h@78) shutting down server::readers service 2
2018-06-06 08:24:58.588944 0x00007f8e43c89740: <info> (net::AsyncTcpServer.cpp@110) AsyncTcpServer stopping
2018-06-06 08:24:58.589016 0x00007f8e40551700: <warning> (ionet::PacketSocket.cpp@351) async_accept returned an error: system:125
2018-06-06 08:24:58.589086 0x00007f8e43c89740: <info> (net::AsyncTcpServer.cpp@116) AsyncTcpServer stopped
2018-06-06 08:24:58.589109 0x00007f8e43c89740: <info> (thread::MultiServicePool.h@78) shutting down server::readers service 1
2018-06-06 08:24:58.589123 0x00007f8e43c89740: <info> (net::PacketReaders.cpp@204) closing all connections in PacketReaders
2018-06-06 08:24:58.589137 0x00007f8e43c89740: <info> (net::ClientConnector.cpp@87) closing all connections in ClientConnector
2018-06-06 08:24:58.589157 0x00007f8e43c89740: <info> (thread::MultiServicePool.h@159) shutting down timesync (service group)
2018-06-06 08:24:58.589175 0x00007f8e43c89740: <info> (thread::MultiServicePool.h@78) shutting down server::timesync service 1
2018-06-06 08:24:58.589190 0x00007f8e43c89740: <info> (net::ServerConnector.cpp@107) closing all connections in ServerConnector
2018-06-06 08:24:58.589210 0x00007f8e43c89740: <info> (thread::MultiServicePool.h@159) shutting down node_discovery (service group)
2018-06-06 08:24:58.589228 0x00007f8e43c89740: <info> (thread::MultiServicePool.h@78) shutting down server::node_discovery service 1
2018-06-06 08:24:58.589244 0x00007f8e43c89740: <info> (net::ServerConnector.cpp@107) closing all connections in ServerConnector
2018-06-06 08:24:58.589264 0x00007f8e43c89740: <info> (thread::MultiServicePool.h@159) shutting down partial (service group)
2018-06-06 08:24:58.589281 0x00007f8e43c89740: <info> (thread::MultiServicePool.h@78) shutting down server::partial service 1
2018-06-06 08:24:58.589296 0x00007f8e43c89740: <info> (net::PacketWriters.cpp@408) closing all connections in PacketWriters
2018-06-06 08:24:58.589311 0x00007f8e43c89740: <info> (net::ClientConnector.cpp@87) closing all connections in ClientConnector
2018-06-06 08:24:58.589327 0x00007f8e43c89740: <info> (net::ServerConnector.cpp@107) closing all connections in ServerConnector
2018-06-06 08:24:58.589344 0x00007f8e43c89740: <info> (thread::MultiServicePool.h@159) shutting down partial dispatcher (service group)
2018-06-06 08:24:58.589360 0x00007f8e43c89740: <info> (thread::MultiServicePool.h@78) shutting down server::partial dispatcher service 1
2018-06-06 08:24:58.598623 0x00007f8e43c89740: <info> (thread::MultiServicePool.h@159) shutting down ptUpdater (isolated pool)
2018-06-06 08:24:58.598663 0x00007f8e43c89740: <debug> (thread::IoServiceThreadPool.cpp@112) ptUpdater IoServiceThreadPool waiting for 4 threadpool threads to exit
2018-06-06 08:24:58.598769 0x00007f8e43c89740: <info> (thread::IoServiceThreadPool.cpp@114) ptUpdater IoServiceThreadPool all threadpool threads exited
2018-06-06 08:24:58.598787 0x00007f8e43c89740: <info> (thread::MultiServicePool.h@159) shutting down dispatcher service (service group)
2018-06-06 08:24:58.598797 0x00007f8e43c89740: <info> (thread::MultiServicePool.h@78) shutting down server::dispatcher service service 2
2018-06-06 08:24:58.606798 0x00007f8e43c89740: <info> (thread::MultiServicePool.h@78) shutting down server::dispatcher service service 1
2018-06-06 08:24:58.617689 0x00007f8e43c89740: <info> (thread::MultiServicePool.h@159) shutting down validator (isolated pool)
2018-06-06 08:24:58.617725 0x00007f8e43c89740: <debug> (thread::IoServiceThreadPool.cpp@112) validator IoServiceThreadPool waiting for 4 threadpool threads to exit
2018-06-06 08:24:58.618114 0x00007f8e43c89740: <info> (thread::IoServiceThreadPool.cpp@114) validator IoServiceThreadPool all threadpool threads exited
2018-06-06 08:24:58.618140 0x00007f8e43c89740: <info> (thread::MultiServicePool.h@159) shutting down writers (service group)
2018-06-06 08:24:58.618151 0x00007f8e43c89740: <info> (thread::MultiServicePool.h@78) shutting down server::writers service 1
2018-06-06 08:24:58.618162 0x00007f8e43c89740: <info> (net::PacketWriters.cpp@408) closing all connections in PacketWriters
2018-06-06 08:24:58.618176 0x00007f8e43c89740: <info> (net::ClientConnector.cpp@87) closing all connections in ClientConnector
2018-06-06 08:24:58.618187 0x00007f8e43c89740: <info> (net::ServerConnector.cpp@107) closing all connections in ServerConnector
2018-06-06 08:24:58.618213 0x00007f8e43c89740: <info> (thread::MultiServicePool.h@159) shutting down bulk writer (isolated pool)
2018-06-06 08:24:58.618228 0x00007f8e43c89740: <debug> (thread::IoServiceThreadPool.cpp@112) bulk writer IoServiceThreadPool waiting for 4 threadpool threads to exit
2018-06-06 08:24:58.618404 0x00007f8e43c89740: <info> (thread::IoServiceThreadPool.cpp@114) bulk writer IoServiceThreadPool all threadpool threads exited
2018-06-06 08:24:58.620962 0x00007f8e43c89740: <debug> (thread::IoServiceThreadPool.cpp@112) server IoServiceThreadPool waiting for 4 threadpool threads to exit
2018-06-06 08:24:58.621191 0x00007f8e43c89740: <info> (thread::IoServiceThreadPool.cpp@114) server IoServiceThreadPool all threadpool threads exited
2018-06-06 08:24:58.621327 0x00007f8e43c89740: <debug> (src::LocalNodeStateStorage.cpp@104) saving state with lock file /data/state/state.lock (exists = false, removed = false)
2018-06-06 08:24:58.622431 0x00007f8e43c89740: <debug> (cache::SupplementalDataStorage.cpp@37) wrote last recalculation height 359 (score = [0, 6626051554312546], height = 501)
2018-06-06 08:24:58.622494 0x00007f8e43c89740: <info> (utils::StackLogger.h@47) popping scope 'shutting down local node' (33ms)
2018-06-06 08:24:58.622633 0x00007f8e43c89740: <info> (extensions::ServiceLocator.h@45) destroying 13 rooted services
2018-06-06 08:24:58.622653 0x00007f8e43c89740: <debug> (extensions::ServiceLocator.h@50) 1: destroying rooted service timesync.state
2018-06-06 08:24:58.622670 0x00007f8e43c89740: <debug> (extensions::ServiceLocator.h@50) 2: destroying rooted service timesync.synchronizer
2018-06-06 08:24:58.622685 0x00007f8e43c89740: <debug> (extensions::ServiceLocator.h@50) 3: destroying rooted service pt.dispatcher.batch
2018-06-06 08:24:58.622699 0x00007f8e43c89740: <debug> (extensions::ServiceLocator.h@50) 4: destroying rooted service pt.notificationPublisher
2018-06-06 08:24:58.622713 0x00007f8e43c89740: <debug> (extensions::ServiceLocator.h@50) 5: destroying rooted service networkChainHeight
2018-06-06 08:24:58.622726 0x00007f8e43c89740: <debug> (extensions::ServiceLocator.h@50) 6: destroying rooted service dispatcher.transaction.batch
2018-06-06 08:24:58.622739 0x00007f8e43c89740: <debug> (extensions::ServiceLocator.h@50) 7: destroying rooted service rollbacks
2018-06-06 08:24:58.622751 0x00007f8e43c89740: <debug> (extensions::ServiceLocator.h@50) 8: destroying rooted service dispatcher.notificationPublisher
2018-06-06 08:24:58.622764 0x00007f8e43c89740: <debug> (extensions::ServiceLocator.h@50) 9: destroying rooted service dispatcher.utUpdater
2018-06-06 08:24:58.622818 0x00007f8e43c89740: <debug> (extensions::ServiceLocator.h@50) 10: destroying rooted service pt.hooks
2018-06-06 08:24:58.622890 0x00007f8e43c89740: <debug> (extensions::ServiceLocator.h@50) 11: destroying rooted service pt.cache
2018-06-06 08:24:58.622917 0x00007f8e43c89740: <debug> (extensions::ServiceLocator.h@50) 12: destroying rooted service zeromq.publisher
2018-06-06 08:24:58.622936 0x00007f8e43c89740: <debug> (thread::IoServiceThreadPool.cpp@112) ZeroMqEntityPublisher IoServiceThreadPool waiting for 1 threadpool threads to exit
2018-06-06 08:24:58.623050 0x00007f8e43c89740: <info> (thread::IoServiceThreadPool.cpp@114) ZeroMqEntityPublisher IoServiceThreadPool all threadpool threads exited
2018-06-06 08:24:58.623274 0x00007f8e43c89740: <debug> (extensions::ServiceLocator.h@50) 13: destroying rooted service mongo.services
2018-06-06 08:24:58.623312 0x00007f8e43c89740: <debug> (plugins::PluginModule.cpp@85) unloading module 0x562ff64e5040 (libcatapult.mongo.plugins.multisig.so)
2018-06-06 08:24:58.623375 0x00007f8e43c89740: <debug> (plugins::PluginModule.cpp@85) unloading module 0x562ff64e7600 (libcatapult.mongo.plugins.namespace.so)
2018-06-06 08:24:58.623444 0x00007f8e43c89740: <debug> (plugins::PluginModule.cpp@85) unloading module 0x562ff64eb800 (libcatapult.mongo.plugins.lock.so)
2018-06-06 08:24:58.623496 0x00007f8e43c89740: <debug> (plugins::PluginModule.cpp@85) unloading module 0x562ff64ef970 (libcatapult.mongo.plugins.transfer.so)
2018-06-06 08:24:58.623541 0x00007f8e43c89740: <debug> (plugins::PluginModule.cpp@85) unloading module 0x562ff64f0200 (libcatapult.mongo.plugins.aggregate.so)
2018-06-06 08:24:58.625656 0x00007f8e43c89740: <debug> (plugins::PluginModule.cpp@85) unloading module 0x562ff64cd920 (libextension.nodediscovery.so)
2018-06-06 08:24:58.625703 0x00007f8e43c89740: <debug> (plugins::PluginModule.cpp@85) unloading module 0x562ff64ce530 (libextension.timesync.so)
2018-06-06 08:24:58.625803 0x00007f8e43c89740: <debug> (plugins::PluginModule.cpp@85) unloading module 0x562ff64cf160 (libextension.networkheight.so)
2018-06-06 08:24:58.625873 0x00007f8e43c89740: <debug> (plugins::PluginModule.cpp@85) unloading module 0x562ff64d04e0 (libextension.partialtransaction.so)
2018-06-06 08:24:58.625988 0x00007f8e43c89740: <debug> (plugins::PluginModule.cpp@85) unloading module 0x562ff64d1130 (libextension.hashcache.so)
2018-06-06 08:24:58.626047 0x00007f8e43c89740: <debug> (plugins::PluginModule.cpp@85) unloading module 0x562ff64d29f0 (libextension.packetserver.so)
2018-06-06 08:24:58.626067 0x00007f8e43c89740: <debug> (plugins::PluginModule.cpp@85) unloading module 0x562ff64d35f0 (libextension.sync.so)
2018-06-06 08:24:58.626240 0x00007f8e43c89740: <debug> (plugins::PluginModule.cpp@85) unloading module 0x562ff64dc2c0 (libextension.unbondedpruning.so)
2018-06-06 08:24:58.626312 0x00007f8e43c89740: <debug> (plugins::PluginModule.cpp@85) unloading module 0x562ff64d5a30 (libextension.mongo.so)
2018-06-06 08:24:58.626644 0x00007f8e43c89740: <debug> (plugins::PluginModule.cpp@85) unloading module 0x562ff64fdcf0 (libextension.filechain.so)
2018-06-06 08:24:58.626758 0x00007f8e43c89740: <debug> (plugins::PluginModule.cpp@85) unloading module 0x562ff64fe5d0 (libextension.transactionsink.so)
2018-06-06 08:24:58.626820 0x00007f8e43c89740: <debug> (plugins::PluginModule.cpp@85) unloading module 0x562ff64feec0 (libextension.zeromq.so)
2018-06-06 08:24:58.626929 0x00007f8e43c89740: <debug> (plugins::PluginModule.cpp@85) unloading module 0x562ff6506e80 (libextension.diagnostics.so)
2018-06-06 08:24:58.626999 0x00007f8e43c89740: <debug> (plugins::PluginModule.cpp@85) unloading module 0x562ff6507ce0 (libextension.addressextraction.so)
2018-06-06 08:24:58.627276 0x00007f8e43c89740: <debug> (plugins::PluginModule.cpp@85) unloading module 0x562ff6509710 (libcatapult.plugins.signature.so)
2018-06-06 08:24:58.627318 0x00007f8e43c89740: <debug> (plugins::PluginModule.cpp@85) unloading module 0x562ff6509f50 (libcatapult.plugins.hashcache.so)
2018-06-06 08:24:58.627353 0x00007f8e43c89740: <debug> (plugins::PluginModule.cpp@85) unloading module 0x562ff650abd0 (libcatapult.plugins.aggregate.so)
2018-06-06 08:24:58.627389 0x00007f8e43c89740: <debug> (plugins::PluginModule.cpp@85) unloading module 0x562ff650b460 (libcatapult.plugins.lock.so)
2018-06-06 08:24:58.627440 0x00007f8e43c89740: <debug> (plugins::PluginModule.cpp@85) unloading module 0x562ff650c370 (libcatapult.plugins.transfer.so)
2018-06-06 08:24:58.627474 0x00007f8e43c89740: <debug> (plugins::PluginModule.cpp@85) unloading module 0x562ff650cb50 (libcatapult.plugins.namespace.so)
2018-06-06 08:24:58.627530 0x00007f8e43c89740: <debug> (plugins::PluginModule.cpp@85) unloading module 0x562ff650f520 (libcatapult.plugins.multisig.so)
